[component_container_mt-1] [0m[INFO] [1756158559.185752826] [oak_d_sr.camera]: Finished setting up pipeline.[0m
[0;34m[INFO][0m Starting OAK Multi Sensor Launch...
[0;34m[INFO][0m Cleaning up existing processes...
[INFO] [launch]: All log files can be found below /home/alpha_orin/.ros/log/2025-08-25-16-49-21-729198-ubuntu-32577
[INFO] [launch]: Default logging verbosity is set to INFO
Starting dual AIRY sensor launch...
[INFO] [rslidar_sdk_node-1]: process started with pid [32580]
[INFO] [rslidar_sdk_node-2]: process started with pid [32582]
[rslidar_sdk_node-2] [1m[35m********************************************************[0m
[rslidar_sdk_node-2] [1m[35m**********                                    **********[0m
[rslidar_sdk_node-2] [1m[35m**********    RSLidar_SDK Version: v1.5.17     **********[0m
[rslidar_sdk_node-2] [1m[35m**********                                    **********[0m
[rslidar_sdk_node-2] [1m[35m********************************************************[0m
[rslidar_sdk_node-1] [1m[35m********************************************************[0m
[rslidar_sdk_node-1] [1m[35m**********                                    **********[0m
[rslidar_sdk_node-1] [1m[35m**********    RSLidar_SDK Version: v1.5.17     **********[0m
[rslidar_sdk_node-1] [1m[35m**********                                    **********[0m
[rslidar_sdk_node-1] [1m[35m********************************************************[0m
[rslidar_sdk_node-2] [1m[32m--------------------------------------------------------[0m
[rslidar_sdk_node-2] [1m[32mConfig loaded from PATH:[0m
[rslidar_sdk_node-2] [1m[32m/home/alpha_orin/ros2_ws/src/rslidar_sdk/config/config_airy_201.yaml[0m
[rslidar_sdk_node-2] [1m[32m--------------------------------------------------------[0m
[rslidar_sdk_node-2] [1m[32m------------------------------------------------------[0m
[rslidar_sdk_node-2] [1m[32mReceive Packets From : Online LiDAR[0m
[rslidar_sdk_node-2] [1m[32mMsop Port: 6700[0m
[rslidar_sdk_node-2] [1m[32mDifop Port: 7789[0m
[rslidar_sdk_node-2] [1m[32m------------------------------------------------------[0m
[rslidar_sdk_node-2] [1m[32m------------------------------------------------------[0m
[rslidar_sdk_node-2] [1m[32m             RoboSense Driver Parameters [0m
[rslidar_sdk_node-2] [32minput type: ONLINE_LIDAR[0m
[rslidar_sdk_node-2] [32mlidar_type: RSAIRY[0m
[rslidar_sdk_node-2] [32mframe_id: rslidar[0m
[rslidar_sdk_node-2] [32m------------------------------------------------------[0m
[rslidar_sdk_node-2] [1m[32m------------------------------------------------------[0m
[rslidar_sdk_node-2] [1m[32m             RoboSense Input Parameters [0m
[rslidar_sdk_node-2] [32mmsop_port: 6700[0m
[rslidar_sdk_node-2] [32mdifop_port: 7789[0m
[rslidar_sdk_node-2] [32mimu_port: 6689[0m
[rslidar_sdk_node-2] [32muser_layer_bytes: 0[0m
[rslidar_sdk_node-2] [32mtail_layer_bytes: 0[0m
[rslidar_sdk_node-2] [32mhost_address: 192.168.1.10[0m
[rslidar_sdk_node-2] [32mgroup_address: 0.0.0.0[0m
[rslidar_sdk_node-2] [32msocket_recv_buf: 106496[0m
[rslidar_sdk_node-2] [32mpcap_path: [0m
[rslidar_sdk_node-2] [32mpcap_rate: 1[0m
[rslidar_sdk_node-2] [32mpcap_repeat: 1[0m
[rslidar_sdk_node-2] [32muse_vlan: 0[0m
[rslidar_sdk_node-2] [1m[32m------------------------------------------------------[0m
[rslidar_sdk_node-2] [1m[32m------------------------------------------------------[0m
[rslidar_sdk_node-2] [1m[32m             RoboSense Decoder Parameters [0m
[rslidar_sdk_node-2] [32mmin_distance: 0.2[0m
[rslidar_sdk_node-2] [32mmax_distance: 200[0m
[rslidar_sdk_node-2] [32muse_lidar_clock: 1[0m
[rslidar_sdk_node-2] [32mdense_points: 0[0m
[rslidar_sdk_node-2] [32mts_first_point: 1[0m
[rslidar_sdk_node-2] [32mwait_for_difop: 1[0m
[rslidar_sdk_node-2] [32mconfig_from_file: 0[0m
[rslidar_sdk_node-2] [32mangle_path: [0m
[rslidar_sdk_node-2] [32mstart_angle: 0[0m
[rslidar_sdk_node-2] [32mend_angle: 360[0m
[rslidar_sdk_node-2] [32msplit_frame_mode: 1[0m
[rslidar_sdk_node-2] [32msplit_angle: 0[0m
[rslidar_sdk_node-2] [32mnum_blks_split: 0[0m
[rslidar_sdk_node-2] [1m[32m------------------------------------------------------[0m
[rslidar_sdk_node-2] [1m[32m------------------------------------------------------[0m
[rslidar_sdk_node-2] [1m[32m             RoboSense Transform Parameters [0m
[rslidar_sdk_node-2] [32mx: 0[0m
[rslidar_sdk_node-2] [32my: 0[0m
[rslidar_sdk_node-2] [32mz: 0[0m
[rslidar_sdk_node-2] [32mroll: 0[0m
[rslidar_sdk_node-2] [32mpitch: 0[0m
[rslidar_sdk_node-2] [32myaw: 0[0m
[rslidar_sdk_node-2] [1m[32m------------------------------------------------------[0m
[rslidar_sdk_node-1] [1m[32m--------------------------------------------------------[0m
[rslidar_sdk_node-1] [1m[32mConfig loaded from PATH:[0m
[rslidar_sdk_node-1] [1m[32m/home/alpha_orin/ros2_ws/src/rslidar_sdk/config/config_airy_200.yaml[0m
[rslidar_sdk_node-1] [1m[32m--------------------------------------------------------[0m
[rslidar_sdk_node-1] [1m[32m------------------------------------------------------[0m
[rslidar_sdk_node-1] [1m[32mReceive Packets From : Online LiDAR[0m
[rslidar_sdk_node-1] [1m[32mMsop Port: 6699[0m
[rslidar_sdk_node-1] [1m[32mDifop Port: 7788[0m
[rslidar_sdk_node-1] [1m[32m------------------------------------------------------[0m
[rslidar_sdk_node-1] [1m[32m------------------------------------------------------[0m
[rslidar_sdk_node-1] [1m[32m             RoboSense Driver Parameters [0m
[rslidar_sdk_node-1] [32minput type: ONLINE_LIDAR[0m
[rslidar_sdk_node-1] [32mlidar_type: RSAIRY[0m
[rslidar_sdk_node-1] [32mframe_id: rslidar[0m
[rslidar_sdk_node-1] [32m------------------------------------------------------[0m
[rslidar_sdk_node-1] [1m[32m------------------------------------------------------[0m
[rslidar_sdk_node-1] [1m[32m             RoboSense Input Parameters [0m
[rslidar_sdk_node-1] [32mmsop_port: 6699[0m
[rslidar_sdk_node-1] [32mdifop_port: 7788[0m
[rslidar_sdk_node-1] [32mimu_port: 6688[0m
[rslidar_sdk_node-1] [32muser_layer_bytes: 0[0m
[rslidar_sdk_node-1] [32mtail_layer_bytes: 0[0m
[rslidar_sdk_node-1] [32mhost_address: 192.168.1.10[0m
[rslidar_sdk_node-1] [32mgroup_address: 0.0.0.0[0m
[rslidar_sdk_node-1] [32msocket_recv_buf: 106496[0m
[rslidar_sdk_node-1] [32mpcap_path: [0m
[rslidar_sdk_node-1] [32mpcap_rate: 1[0m
[rslidar_sdk_node-1] [32mpcap_repeat: 1[0m
[rslidar_sdk_node-1] [32muse_vlan: 0[0m
[rslidar_sdk_node-1] [1m[32m------------------------------------------------------[0m
[rslidar_sdk_node-1] [1m[32m------------------------------------------------------[0m
[rslidar_sdk_node-1] [1m[32m             RoboSense Decoder Parameters [0m
[rslidar_sdk_node-1] [32mmin_distance: 0.2[0m
[rslidar_sdk_node-1] [32mmax_distance: 200[0m
[rslidar_sdk_node-1] [32muse_lidar_clock: 1[0m
[rslidar_sdk_node-1] [32mdense_points: 0[0m
[rslidar_sdk_node-1] [32mts_first_point: 1[0m
[rslidar_sdk_node-1] [32mwait_for_difop: 1[0m
[rslidar_sdk_node-1] [32mconfig_from_file: 0[0m
[rslidar_sdk_node-1] [32mangle_path: [0m
[rslidar_sdk_node-1] [32mstart_angle: 0[0m
[rslidar_sdk_node-1] [32mend_angle: 360[0m
[rslidar_sdk_node-1] [32msplit_frame_mode: 1[0m
[rslidar_sdk_node-1] [32msplit_angle: 0[0m
[rslidar_sdk_node-1] [32mnum_blks_split: 0[0m
[rslidar_sdk_node-1] [1m[32m------------------------------------------------------[0m
[rslidar_sdk_node-1] [1m[32m------------------------------------------------------[0m
[rslidar_sdk_node-1] [1m[32m             RoboSense Transform Parameters [0m
[rslidar_sdk_node-1] [32mx: 0[0m
[rslidar_sdk_node-1] [32my: 0[0m
[rslidar_sdk_node-1] [32mz: 0[0m
[rslidar_sdk_node-1] [32mroll: 0[0m
[rslidar_sdk_node-1] [32mpitch: 0[0m
[rslidar_sdk_node-1] [32myaw: 0[0m
[rslidar_sdk_node-1] [1m[32m------------------------------------------------------[0m
[rslidar_sdk_node-2] [WARN] [1756158561.843766537] [rcl.logging_rosout]: Publisher already registered for provided node name. If this is due to multiple nodes with the same name then all logs for that logger name will go out over the existing publisher. As soon as any node with that name is destructed it will unregister the publisher, preventing any further logs for that name from being published on the rosout topic.
[rslidar_sdk_node-1] [WARN] [1756158561.844423973] [rcl.logging_rosout]: Publisher already registered for provided node name. If this is due to multiple nodes with the same name then all logs for that logger name will go out over the existing publisher. As soon as any node with that name is destructed it will unregister the publisher, preventing any further logs for that name from being published on the rosout topic.
[rslidar_sdk_node-2] [1m[36m------------------------------------------------------[0m
[rslidar_sdk_node-2] [1m[36mSend PointCloud To : ROS[0m
[rslidar_sdk_node-2] [1m[36mPointCloud Topic: /airy_201/rslidar_points[0m
[rslidar_sdk_node-2] [1m[36m------------------------------------------------------[0m
[rslidar_sdk_node-2] [WARN] [1756158561.850933251] [rcl.logging_rosout]: Publisher already registered for provided node name. If this is due to multiple nodes with the same name then all logs for that logger name will go out over the existing publisher. As soon as any node with that name is destructed it will unregister the publisher, preventing any further logs for that name from being published on the rosout topic.
[rslidar_sdk_node-1] [1m[36m------------------------------------------------------[0m
[rslidar_sdk_node-1] [1m[36mSend PointCloud To : ROS[0m
[rslidar_sdk_node-1] [1m[36mPointCloud Topic: /airy_200/rslidar_points[0m
[rslidar_sdk_node-1] [1m[36m------------------------------------------------------[0m
[rslidar_sdk_node-1] [WARN] [1756158561.851121497] [rcl.logging_rosout]: Publisher already registered for provided node name. If this is due to multiple nodes with the same name then all logs for that logger name will go out over the existing publisher. As soon as any node with that name is destructed it will unregister the publisher, preventing any further logs for that name from being published on the rosout topic.
[rslidar_sdk_node-2] [1m[37mRoboSense-LiDAR-Driver is running.....[0m
[rslidar_sdk_node-1] [1m[37mRoboSense-LiDAR-Driver is running.....[0m
[rslidar_sdk_node-2] [1m[33mLiDAR RPM is 0. Use default value 600.[0m
[rslidar_sdk_node-1] [1m[33mLiDAR RPM is 0. Use default value 600.[0m
[0;32m[SUCCESS][0m Cleanup completed
[0;34m[INFO][0m Setting up workspace...
[0;32m[SUCCESS][0m AIRY LiDARs launched (PID: 32577)
[0;34m[INFO][0m Launching Foxglove bridge...
[rslidar_sdk_node-2] [1m[33mLiDAR RPM is 0. Use default value 600.[0m
[rslidar_sdk_node-1] [1m[33mLiDAR RPM is 0. Use default value 600.[0m
Starting >>> rslidar_msg
Starting >>> oak_multi_bringup
Starting >>> oak_nvblox_bringup
Finished <<< oak_multi_bringup [0.14s]
Finished <<< oak_nvblox_bringup [0.16s]
[INFO] [launch]: All log files can be found below /home/alpha_orin/.ros/log/2025-08-25-16-49-24-753322-ubuntu-32675
[INFO] [launch]: Default logging verbosity is set to INFO
[INFO] [foxglove_bridge-1]: process started with pid [32811]
[foxglove_bridge-1] [INFO] [1756158564.864130684] [foxglove_bridge]: Load Library: /opt/ros/humble/lib/libfoxglove_bridge_component.so
[foxglove_bridge-1] [INFO] [1756158564.874081408] [foxglove_bridge]: Found class: rclcpp_components::NodeFactoryTemplate<foxglove_bridge::FoxgloveBridge>
[foxglove_bridge-1] [INFO] [1756158564.874152988] [foxglove_bridge]: Instantiate class: rclcpp_components::NodeFactoryTemplate<foxglove_bridge::FoxgloveBridge>
[foxglove_bridge-1] [WARN] [1756158564.874333171] [rcl.logging_rosout]: Publisher already registered for provided node name. If this is due to multiple nodes with the same name then all logs for that logger name will go out over the existing publisher. As soon as any node with that name is destructed it will unregister the publisher, preventing any further logs for that name from being published on the rosout topic.
[foxglove_bridge-1] [INFO] [1756158564.879941538] [foxglove_bridge]: Starting foxglove_bridge (humble, 0.8.5@) with WebSocket++/0.8.2
[foxglove_bridge-1] [INFO] [1756158564.881150241] [foxglove_bridge]: [WS] Server running without TLS
[foxglove_bridge-1] [INFO] [1756158564.881595720] [foxglove_bridge]: [WS] WebSocket server listening at ws://0.0.0.0:8765
[foxglove_bridge-1] [INFO] [1756158564.881612712] [foxglove_bridge]: [WS] WebSocket server run loop started
Finished <<< rslidar_msg [0.65s]
Starting >>> rslidar_sdk
Finished <<< rslidar_sdk [0.15s]

Summary: 4 packages finished [1.32s]
[rslidar_sdk_node-2] [1m[33mLiDAR RPM is 0. Use default value 600.[0m
[rslidar_sdk_node-1] [1m[33mLiDAR RPM is 0. Use default value 600.[0m
[0;32m[SUCCESS][0m Workspace built and sourced
[0;34m[INFO][0m Launching TF (robot_state_publisher)...
[INFO] [launch]: All log files can be found below /home/alpha_orin/.ros/log/2025-08-25-16-49-26-027469-ubuntu-32889
[INFO] [launch]: Default logging verbosity is set to INFO
[INFO] [robot_state_publisher-1]: process started with pid [32892]
[robot_state_publisher-1] [INFO] [1756158566.235612537] [robot_state_publisher]: got segment airy_front
[robot_state_publisher-1] [INFO] [1756158566.235744594] [robot_state_publisher]: got segment airy_rear
[robot_state_publisher-1] [INFO] [1756158566.235759697] [robot_state_publisher]: got segment base_link
[robot_state_publisher-1] [INFO] [1756158566.235767185] [robot_state_publisher]: got segment camera_rgb_camera_optical_frame
[robot_state_publisher-1] [INFO] [1756158566.235773584] [robot_state_publisher]: got segment camera_right_camera_optical_frame
[rslidar_sdk_node-2] [1m[33mLiDAR RPM is 0. Use default value 600.[0m
[rslidar_sdk_node-1] [1m[33mLiDAR RPM is 0. Use default value 600.[0m
[0;32m[SUCCESS][0m Foxglove bridge launched (PID: 32675)
[rslidar_sdk_node-2] [1m[33mLiDAR RPM is 0. Use default value 600.[0m
[0;34m[INFO][0m Connect to ws://192.168.0.10:8765
[0;34m[INFO][0m Launching nvblox (dual cams + front LiDAR, base_link frame)...
[rslidar_sdk_node-1] [1m[33mLiDAR RPM is 0. Use default value 600.[0m
[rslidar_sdk_node-2] [1m[33mLiDAR RPM is 0. Use default value 600.[0m
[rslidar_sdk_node-1] [1m[33mLiDAR RPM is 0. Use default value 600.[0m
[foxglove_bridge-1] [INFO] [1756158568.530918900] [foxglove_bridge]: [WS] Client 192.168.0.101:51059 connected via /
[foxglove_bridge-1] [INFO] [1756158568.570903904] [foxglove_bridge]: Client 192.168.0.101:51059 is advertising "/move_base_simple/goal" (geometry_msgs/PoseStamped) on channel 1 with encoding "cdr"
[foxglove_bridge-1] [INFO] [1756158568.571810574] [foxglove_bridge]: Client 192.168.0.101:51059 is advertising "/clicked_point" (geometry_msgs/PointStamped) on channel 2 with encoding "cdr"
[foxglove_bridge-1] [INFO] [1756158568.572692511] [foxglove_bridge]: Client 192.168.0.101:51059 is advertising "/initialpose" (geometry_msgs/PoseWithCovarianceStamped) on channel 3 with encoding "cdr"
[rslidar_sdk_node-2] [1m[33mLiDAR RPM is 0. Use default value 600.[0m
[rslidar_sdk_node-1] [1m[33mLiDAR RPM is 0. Use default value 600.[0m
[0;32m[SUCCESS][0m TF launched successfully (PID: 32889)
[0;34m[INFO][0m Launching OAK-D Pro camera...
[INFO] [launch]: All log files can be found below /home/alpha_orin/.ros/log/2025-08-25-16-49-30-350056-ubuntu-33007
[INFO] [launch]: Default logging verbosity is set to INFO
[rslidar_sdk_node-2] [1m[33mLiDAR RPM is 0. Use default value 600.[0m
[0;32m[SUCCESS][0m nvblox launched (PID: 32906)
[0;34m[INFO][0m Foxglove: visualize /nvblox_node/static_esdf_pointcloud, /nvblox_node/static_map_slice, /nvblox_node/mesh
[rslidar_sdk_node-1] [1m[33mLiDAR RPM is 0. Use default value 600.[0m
[INFO] [component_container_mt-1]: process started with pid [33039]
[0;32m[SUCCESS][0m All sensors launched successfully!

[0;34m[INFO][0m Active processes:
  - TF Publisher: 32221
  - OAK-D Pro: 32257
  - OAK-D SR: 32308
  - AIRY LiDARs: 32577
  - Foxglove: 32675
  - nvblox: 32906

[0;34m[INFO][0m Press Ctrl+C to stop all processes
[rslidar_sdk_node-2] [1m[33mLiDAR RPM is 0. Use default value 600.[0m
[rslidar_sdk_node-1] [1m[33mLiDAR RPM is 0. Use default value 600.[0m
[component_container_mt-1] [0m[INFO] [1756158571.599251763] [oak_pro_container]: Load Library: /opt/ros/humble/lib/libdepthai_ros_driver.so[0m
[component_container_mt-1] [0m[INFO] [1756158571.704768750] [oak_pro_container]: Found class: rclcpp_components::NodeFactoryTemplate<depthai_ros_driver::Camera>[0m
[component_container_mt-1] [0m[INFO] [1756158571.704863113] [oak_pro_container]: Instantiate class: rclcpp_components::NodeFactoryTemplate<depthai_ros_driver::Camera>[0m
[INFO] [launch_ros.actions.load_composable_nodes]: Loaded node '/oak_d_pro/camera' in container '/oak_pro_container'
[component_container_mt-1] [0m[INFO] [1756158571.743499778] [oak_pro_container]: Load Library: /opt/ros/humble/lib/libdepth_image_proc.so[0m
[component_container_mt-1] [0m[INFO] [1756158571.746780880] [oak_pro_container]: Found class: rclcpp_components::NodeFactoryTemplate<depth_image_proc::ConvertMetricNode>[0m
[component_container_mt-1] [0m[INFO] [1756158571.746831533] [oak_pro_container]: Found class: rclcpp_components::NodeFactoryTemplate<depth_image_proc::CropForemostNode>[0m
[component_container_mt-1] [0m[INFO] [1756158571.746848397] [oak_pro_container]: Found class: rclcpp_components::NodeFactoryTemplate<depth_image_proc::DisparityNode>[0m
[component_container_mt-1] [0m[INFO] [1756158571.746860524] [oak_pro_container]: Found class: rclcpp_components::NodeFactoryTemplate<depth_image_proc::PointCloudXyzNode>[0m
[component_container_mt-1] [0m[INFO] [1756158571.746871275] [oak_pro_container]: Found class: rclcpp_components::NodeFactoryTemplate<depth_image_proc::PointCloudXyzRadialNode>[0m
[component_container_mt-1] [0m[INFO] [1756158571.746881131] [oak_pro_container]: Found class: rclcpp_components::NodeFactoryTemplate<depth_image_proc::PointCloudXyziNode>[0m
[component_container_mt-1] [0m[INFO] [1756158571.746890986] [oak_pro_container]: Found class: rclcpp_components::NodeFactoryTemplate<depth_image_proc::PointCloudXyziRadialNode>[0m
[component_container_mt-1] [0m[INFO] [1756158571.746900554] [oak_pro_container]: Found class: rclcpp_components::NodeFactoryTemplate<depth_image_proc::PointCloudXyzrgbNode>[0m
[component_container_mt-1] [0m[INFO] [1756158571.746950087] [oak_pro_container]: Instantiate class: rclcpp_components::NodeFactoryTemplate<depth_image_proc::PointCloudXyzrgbNode>[0m
[INFO] [launch_ros.actions.load_composable_nodes]: Loaded node '/oak_d_pro/pointcloud' in container '/oak_pro_container'
[rslidar_sdk_node-2] [1m[33mLiDAR RPM is 0. Use default value 600.[0m
[rslidar_sdk_node-1] [1m[33mLiDAR RPM is 0. Use default value 600.[0m
[component_container_mt-1] [0m[INFO] [1756158572.742816308] [oak_d_pro.camera]: Starting camera.[0m
[component_container_mt-1] [0m[INFO] [1756158572.745500387] [oak_d_pro.camera]: No ip/mxid specified, connecting to the next available device.[0m
[0;34m[INFO][0m Launching OAK-D SR camera...
[INFO] [launch]: All log files can be found below /home/alpha_orin/.ros/log/2025-08-25-16-49-33-350495-ubuntu-33151
[INFO] [launch]: Default logging verbosity is set to INFO
[rslidar_sdk_node-2] [1m[33mLiDAR RPM is 0. Use default value 600.[0m
[rslidar_sdk_node-1] [1m[33mLiDAR RPM is 0. Use default value 600.[0m
[INFO] [component_container_mt-1]: process started with pid [33176]
[foxglove_bridge-1] [ERROR] [1756158573.704026800] [foxglove_bridge]: Failed to retrieve parameters from node '/airy_200/rslidar_sdk_node_200': Failed to retrieve parameter names for node '/airy_200/rslidar_sdk_node_200'
[foxglove_bridge-1] [WARN] [1756158573.704110796] [foxglove_bridge]: Adding node /airy_200/rslidar_sdk_node_200 to the ignore list to prevent repeated timeouts or failures in future parameter requests.
[foxglove_bridge-1] [ERROR] [1756158573.704140778] [foxglove_bridge]: Failed to retrieve parameters from node '/airy_201/rslidar_sdk_node_201': Failed to retrieve parameter names for node '/airy_201/rslidar_sdk_node_201'
[foxglove_bridge-1] [WARN] [1756158573.704152170] [foxglove_bridge]: Adding node /airy_201/rslidar_sdk_node_201 to the ignore list to prevent repeated timeouts or failures in future parameter requests.
[foxglove_bridge-1] [INFO] [1756158573.705261198] [foxglove_bridge]: [WS] Subscribing to connection graph updates.
[foxglove_bridge-1] [INFO] [1756158573.708316489] [foxglove_bridge]: Subscribing to topic "/diagnostics" (diagnostic_msgs/msg/DiagnosticArray) on channel 5 with reliablity "reliable"
[foxglove_bridge-1] [INFO] [1756158573.710303582] [foxglove_bridge]: Subscribing to topic "/airy_201/rslidar_points" (sensor_msgs/msg/PointCloud2) on channel 6 with reliablity "reliable"
[foxglove_bridge-1] [INFO] [1756158573.712202775] [foxglove_bridge]: Subscribing to topic "/oak_d_sr/camera/stereo/camera_info" (sensor_msgs/msg/CameraInfo) on channel 34 with reliablity "best_effort"
[foxglove_bridge-1] [INFO] [1756158573.713315259] [foxglove_bridge]: Subscribing to topic "/oak_d_sr/camera/stereo/image_raw" (sensor_msgs/msg/Image) on channel 30 with reliablity "best_effort"
[foxglove_bridge-1] [INFO] [1756158573.714278919] [foxglove_bridge]: Subscribing to topic "/tf" (tf2_msgs/msg/TFMessage) on channel 7 with reliablity "reliable"
[foxglove_bridge-1] [INFO] [1756158573.716132835] [foxglove_bridge]: Subscribing to topic "/tf_static" (tf2_msgs/msg/TFMessage) on channel 2 with reliablity "reliable"
[foxglove_bridge-1] [INFO] [1756158573.717054385] [foxglove_bridge]: Subscribing to topic "/transform" (geometry_msgs/msg/TransformStamped) on channel 12 with reliablity "best_effort"
[foxglove_bridge-1] [INFO] [1756158573.717901124] [foxglove_bridge]: Subscribing to topic "/nvblox_node/combined_occupancy_grid" (nav_msgs/msg/OccupancyGrid) on channel 27 with reliablity "reliable"
[foxglove_bridge-1] [INFO] [1756158573.719416850] [foxglove_bridge]: Subscribing to topic "/nvblox_node/dynamic_occupancy_grid" (nav_msgs/msg/OccupancyGrid) on channel 25 with reliablity "reliable"
[foxglove_bridge-1] [INFO] [1756158573.720293379] [foxglove_bridge]: Subscribing to topic "/nvblox_node/pessimistic_static_esdf_pointcloud" (sensor_msgs/msg/PointCloud2) on channel 32 with reliablity "reliable"
[foxglove_bridge-1] [INFO] [1756158573.721103831] [foxglove_bridge]: Subscribing to topic "/nvblox_node/shapes_to_clear" (visualization_msgs/msg/MarkerArray) on channel 31 with reliablity "reliable"
[foxglove_bridge-1] [INFO] [1756158573.723001360] [foxglove_bridge]: Subscribing to topic "/nvblox_node/static_esdf_pointcloud" (sensor_msgs/msg/PointCloud2) on channel 19 with reliablity "reliable"
[foxglove_bridge-1] [INFO] [1756158573.723844259] [foxglove_bridge]: Subscribing to topic "/nvblox_node/static_occupancy_grid" (nav_msgs/msg/OccupancyGrid) on channel 18 with reliablity "reliable"
[foxglove_bridge-1] [INFO] [1756158573.724616441] [foxglove_bridge]: Subscribing to topic "/nvblox_node/tsdf_layer_marker" (visualization_msgs/msg/Marker) on channel 17 with reliablity "reliable"
[foxglove_bridge-1] [INFO] [1756158573.725435437] [foxglove_bridge]: Subscribing to topic "/nvblox_node/workspace_bounds" (visualization_msgs/msg/Marker) on channel 23 with reliablity "reliable"
[foxglove_bridge-1] [INFO] [1756158573.726159366] [foxglove_bridge]: Subscribing to topic "/oak_d_pro/camera/stereo/camera_info" (sensor_msgs/msg/CameraInfo) on channel 20 with reliablity "best_effort"
[foxglove_bridge-1] [INFO] [1756158573.726897758] [foxglove_bridge]: Subscribing to topic "/oak_d_pro/camera/stereo/image_raw" (sensor_msgs/msg/Image) on channel 15 with reliablity "best_effort"
[foxglove_bridge-1] [INFO] [1756158573.727812045] [foxglove_bridge]: Unsubscribing from topic "/diagnostics" (diagnostic_msgs/msg/DiagnosticArray) on channel 5
[foxglove_bridge-1] [INFO] [1756158573.727865802] [foxglove_bridge]: Unsubscribing from topic "/airy_201/rslidar_points" (sensor_msgs/msg/PointCloud2) on channel 6
[foxglove_bridge-1] [INFO] [1756158573.727890697] [foxglove_bridge]: Unsubscribing from topic "/oak_d_sr/camera/stereo/camera_info" (sensor_msgs/msg/CameraInfo) on channel 34
[foxglove_bridge-1] [INFO] [1756158573.727912167] [foxglove_bridge]: Unsubscribing from topic "/oak_d_sr/camera/stereo/image_raw" (sensor_msgs/msg/Image) on channel 30
[foxglove_bridge-1] [INFO] [1756158573.727930150] [foxglove_bridge]: Unsubscribing from topic "/nvblox_node/combined_occupancy_grid" (nav_msgs/msg/OccupancyGrid) on channel 27
[foxglove_bridge-1] [INFO] [1756158573.727947814] [foxglove_bridge]: Unsubscribing from topic "/nvblox_node/dynamic_occupancy_grid" (nav_msgs/msg/OccupancyGrid) on channel 25
[foxglove_bridge-1] [INFO] [1756158573.727963429] [foxglove_bridge]: Unsubscribing from topic "/nvblox_node/pessimistic_static_esdf_pointcloud" (sensor_msgs/msg/PointCloud2) on channel 32
[foxglove_bridge-1] [INFO] [1756158573.727980516] [foxglove_bridge]: Unsubscribing from topic "/nvblox_node/shapes_to_clear" (visualization_msgs/msg/MarkerArray) on channel 31
[foxglove_bridge-1] [INFO] [1756158573.727996643] [foxglove_bridge]: Unsubscribing from topic "/nvblox_node/static_esdf_pointcloud" (sensor_msgs/msg/PointCloud2) on channel 19
[foxglove_bridge-1] [INFO] [1756158573.728106557] [foxglove_bridge]: Unsubscribing from topic "/nvblox_node/static_occupancy_grid" (nav_msgs/msg/OccupancyGrid) on channel 18
[foxglove_bridge-1] [INFO] [1756158573.728139739] [foxglove_bridge]: Unsubscribing from topic "/nvblox_node/tsdf_layer_marker" (visualization_msgs/msg/Marker) on channel 17
[foxglove_bridge-1] [INFO] [1756158573.728220247] [foxglove_bridge]: Unsubscribing from topic "/nvblox_node/workspace_bounds" (visualization_msgs/msg/Marker) on channel 23
[foxglove_bridge-1] [INFO] [1756158573.728245557] [foxglove_bridge]: Unsubscribing from topic "/oak_d_pro/camera/stereo/camera_info" (sensor_msgs/msg/CameraInfo) on channel 20
[foxglove_bridge-1] [INFO] [1756158573.728322929] [foxglove_bridge]: Unsubscribing from topic "/oak_d_pro/camera/stereo/image_raw" (sensor_msgs/msg/Image) on channel 15
[foxglove_bridge-1] [INFO] [1756158573.728389422] [foxglove_bridge]: Client 192.168.0.101:51059 is no longer advertising /move_base_simple/goal (0 subscribers) on channel 1
[foxglove_bridge-1] [INFO] [1756158573.728483721] [foxglove_bridge]: Client 192.168.0.101:51059 is no longer advertising /clicked_point (0 subscribers) on channel 2
[foxglove_bridge-1] [INFO] [1756158573.728518823] [foxglove_bridge]: Client 192.168.0.101:51059 is no longer advertising /initialpose (0 subscribers) on channel 3
[foxglove_bridge-1] [INFO] [1756158573.730176717] [foxglove_bridge]: Client 192.168.0.101:51059 is advertising "/move_base_simple/goal" (geometry_msgs/PoseStamped) on channel 4 with encoding "cdr"
[foxglove_bridge-1] [INFO] [1756158573.731287569] [foxglove_bridge]: Client 192.168.0.101:51059 is advertising "/clicked_point" (geometry_msgs/PointStamped) on channel 5 with encoding "cdr"
[foxglove_bridge-1] [INFO] [1756158573.732466514] [foxglove_bridge]: Client 192.168.0.101:51059 is advertising "/initialpose" (geometry_msgs/PoseWithCovarianceStamped) on channel 6 with encoding "cdr"
[foxglove_bridge-1] [INFO] [1756158573.732535950] [foxglove_bridge]: Unsubscribing from topic "/tf" (tf2_msgs/msg/TFMessage) on channel 7
[foxglove_bridge-1] [INFO] [1756158573.732755202] [foxglove_bridge]: Unsubscribing from topic "/tf_static" (tf2_msgs/msg/TFMessage) on channel 2
[foxglove_bridge-1] [INFO] [1756158573.732797472] [foxglove_bridge]: Unsubscribing from topic "/transform" (geometry_msgs/msg/TransformStamped) on channel 12
[foxglove_bridge-1] [INFO] [1756158573.732883835] [foxglove_bridge]: Subscribing to topic "/diagnostics" (diagnostic_msgs/msg/DiagnosticArray) on channel 5 with reliablity "reliable"
[foxglove_bridge-1] [INFO] [1756158573.734383306] [foxglove_bridge]: Subscribing to topic "/tf" (tf2_msgs/msg/TFMessage) on channel 7 with reliablity "reliable"
[foxglove_bridge-1] [INFO] [1756158573.735670213] [foxglove_bridge]: Subscribing to topic "/tf_static" (tf2_msgs/msg/TFMessage) on channel 2 with reliablity "reliable"
[foxglove_bridge-1] [INFO] [1756158573.736940128] [foxglove_bridge]: Subscribing to topic "/transform" (geometry_msgs/msg/TransformStamped) on channel 12 with reliablity "best_effort"
[foxglove_bridge-1] [INFO] [1756158573.737858479] [foxglove_bridge]: Subscribing to topic "/airy_200/rslidar_points" (sensor_msgs/msg/PointCloud2) on channel 10 with reliablity "reliable"
[foxglove_bridge-1] [INFO] [1756158573.739050062] [foxglove_bridge]: Subscribing to topic "/airy_201/rslidar_points" (sensor_msgs/msg/PointCloud2) on channel 6 with reliablity "reliable"
[foxglove_bridge-1] [INFO] [1756158573.740315626] [foxglove_bridge]: Subscribing to topic "/oak_d_sr/camera/stereo/camera_info" (sensor_msgs/msg/CameraInfo) on channel 34 with reliablity "best_effort"
[foxglove_bridge-1] [INFO] [1756158573.741383985] [foxglove_bridge]: Subscribing to topic "/oak_d_sr/camera/stereo/image_raw" (sensor_msgs/msg/Image) on channel 30 with reliablity "best_effort"
[foxglove_bridge-1] [INFO] [1756158573.742458871] [foxglove_bridge]: Subscribing to topic "/nvblox_node/combined_occupancy_grid" (nav_msgs/msg/OccupancyGrid) on channel 27 with reliablity "reliable"
[foxglove_bridge-1] [INFO] [1756158573.743737522] [foxglove_bridge]: Subscribing to topic "/nvblox_node/dynamic_occupancy_grid" (nav_msgs/msg/OccupancyGrid) on channel 25 with reliablity "reliable"
[foxglove_bridge-1] [INFO] [1756158573.744640449] [foxglove_bridge]: Subscribing to topic "/nvblox_node/pessimistic_static_esdf_pointcloud" (sensor_msgs/msg/PointCloud2) on channel 32 with reliablity "reliable"
[foxglove_bridge-1] [INFO] [1756158573.745807906] [foxglove_bridge]: Subscribing to topic "/nvblox_node/shapes_to_clear" (visualization_msgs/msg/MarkerArray) on channel 31 with reliablity "reliable"
[foxglove_bridge-1] [INFO] [1756158573.746810348] [foxglove_bridge]: Subscribing to topic "/nvblox_node/static_esdf_pointcloud" (sensor_msgs/msg/PointCloud2) on channel 19 with reliablity "reliable"
[foxglove_bridge-1] [INFO] [1756158573.747730010] [foxglove_bridge]: Subscribing to topic "/nvblox_node/static_occupancy_grid" (nav_msgs/msg/OccupancyGrid) on channel 18 with reliablity "reliable"
[foxglove_bridge-1] [INFO] [1756158573.750505412] [foxglove_bridge]: Subscribing to topic "/nvblox_node/tsdf_layer_marker" (visualization_msgs/msg/Marker) on channel 17 with reliablity "reliable"
[component_container_mt-1] [0m[INFO] [1756158573.751226557] [oak_sr_container]: Load Library: /opt/ros/humble/lib/libdepthai_ros_driver.so[0m
[foxglove_bridge-1] [INFO] [1756158573.751776960] [foxglove_bridge]: Subscribing to topic "/nvblox_node/workspace_bounds" (visualization_msgs/msg/Marker) on channel 23 with reliablity "reliable"
[foxglove_bridge-1] [INFO] [1756158573.753020701] [foxglove_bridge]: Subscribing to topic "/oak_d_pro/camera/stereo/camera_info" (sensor_msgs/msg/CameraInfo) on channel 20 with reliablity "best_effort"
[foxglove_bridge-1] [INFO] [1756158573.753979273] [foxglove_bridge]: Subscribing to topic "/oak_d_pro/camera/stereo/image_raw" (sensor_msgs/msg/Image) on channel 15 with reliablity "best_effort"
[foxglove_bridge-1] [INFO] [1756158573.754821403] [foxglove_bridge]: Subscribing to topic "/oak_d_pro/camera/rgb/camera_info" (sensor_msgs/msg/CameraInfo) on channel 40 with reliablity "best_effort"
[foxglove_bridge-1] [INFO] [1756158573.755605585] [foxglove_bridge]: Subscribing to topic "/oak_d_pro/camera/rgb/image_raw" (sensor_msgs/msg/Image) on channel 39 with reliablity "best_effort"
[component_container_mt-1] [0m[INFO] [1756158573.856950900] [oak_sr_container]: Found class: rclcpp_components::NodeFactoryTemplate<depthai_ros_driver::Camera>[0m
[component_container_mt-1] [0m[INFO] [1756158573.857052687] [oak_sr_container]: Instantiate class: rclcpp_components::NodeFactoryTemplate<depthai_ros_driver::Camera>[0m
[INFO] [launch_ros.actions.load_composable_nodes]: Loaded node '/oak_d_sr/camera' in container '/oak_sr_container'
[component_container_mt-1] [0m[INFO] [1756158573.869217183] [oak_sr_container]: Load Library: /opt/ros/humble/lib/libdepth_image_proc.so[0m
[component_container_mt-1] [0m[INFO] [1756158573.872382484] [oak_sr_container]: Found class: rclcpp_components::NodeFactoryTemplate<depth_image_proc::ConvertMetricNode>[0m
[component_container_mt-1] [0m[INFO] [1756158573.872435889] [oak_sr_container]: Found class: rclcpp_components::NodeFactoryTemplate<depth_image_proc::CropForemostNode>[0m
[component_container_mt-1] [0m[INFO] [1756158573.872453424] [oak_sr_container]: Found class: rclcpp_components::NodeFactoryTemplate<depth_image_proc::DisparityNode>[0m
[component_container_mt-1] [0m[INFO] [1756158573.872466351] [oak_sr_container]: Found class: rclcpp_components::NodeFactoryTemplate<depth_image_proc::PointCloudXyzNode>[0m
[component_container_mt-1] [0m[INFO] [1756158573.872477071] [oak_sr_container]: Instantiate class: rclcpp_components::NodeFactoryTemplate<depth_image_proc::PointCloudXyzNode>[0m
[INFO] [launch_ros.actions.load_composable_nodes]: Loaded node '/oak_d_sr/pointcloud' in container '/oak_sr_container'
[rslidar_sdk_node-2] [1m[33mLiDAR RPM is 0. Use default value 600.[0m
[rslidar_sdk_node-1] [1m[33mLiDAR RPM is 0. Use default value 600.[0m
[component_container_mt-1] [0m[INFO] [1756158574.868616852] [oak_d_sr.camera]: Starting camera.[0m
[component_container_mt-1] [0m[INFO] [1756158575.016101859] [oak_d_pro.camera]: Camera with MXID: 19443010C1F4771300 and Name: 1.2 connected![0m
[component_container_mt-1] [0m[INFO] [1756158575.017947039] [oak_d_pro.camera]: USB SPEED: SUPER[0m
[component_container_mt-1] [0m[INFO] [1756158575.063960111] [oak_d_pro.camera]: Device type: OAK-D-PRO-W[0m
[component_container_mt-1] [0m[INFO] [1756158575.066230325] [oak_d_pro.camera]: Pipeline type: RGBD[0m
[rslidar_sdk_node-2] [1m[33mLiDAR RPM is 0. Use default value 600.[0m
[component_container_mt-1] [0m[INFO] [1756158575.374510159] [oak_d_sr.camera]: Connecting to the camera using mxid: 14442C107145A4D200[0m
[rslidar_sdk_node-1] [1m[33mLiDAR RPM is 0. Use default value 600.[0m
[component_container_mt-1] [0m[INFO] [1756158575.517867649] [oak_d_pro.camera]: NN Family: mobilenet[0m
[component_container_mt-1] [0m[INFO] [1756158575.581448030] [oak_d_pro.camera]: NN input size: 300 x 300. Resizing input image in case of different dimensions.[0m
[component_container_mt-1] [0m[INFO] [1756158576.171160126] [oak_d_pro.camera]: Finished setting up pipeline.[0m
[rslidar_sdk_node-2] [1m[33mLiDAR RPM is 0. Use default value 600.[0m
[rslidar_sdk_node-1] [1m[33mLiDAR RPM is 0. Use default value 600.[0m
[0;32m[SUCCESS][0m OAK-D Pro launched (PID: 33007)
[component_container_mt-1] [19443010C1F4771300] [1.2] [2.830] [SpatialDetectionNetwork(9)] [[33m[1mwarning[m] Network compiled for 6 shaves, maximum available 10, compiling for 5 shaves likely will yield in better performance
[0;32m[SUCCESS][0m OAK-D SR launched (PID: 33151)
[0;34m[INFO][0m Launching AIRY LiDARs...
[component_container_mt-1] [33m[WARN] [1756158577.154471009] [oak_d_pro.camera]: Parameter imu.i_rot_cov not found[0m
[component_container_mt-1] [33m[WARN] [1756158577.154555805] [oak_d_pro.camera]: Parameter imu.i_mag_cov not found[0m
[component_container_mt-1] [0m[INFO] [1756158577.314014582] [oak_d_pro.camera]: Camera ready![0m
[component_container_mt-1] [0m[INFO] [1756158577.817138604] [oak_d_sr.camera]: Camera with MXID: 14442C107145A4D200 and Name: 1.1 connected![0m
[component_container_mt-1] [0m[INFO] [1756158577.821121525] [oak_d_sr.camera]: USB SPEED: SUPER_PLUS[0m
[component_container_mt-1] [0m[INFO] [1756158577.861274276] [oak_d_sr.camera]: Device type: OAK-D-SR[0m
[component_container_mt-1] [0m[INFO] [1756158577.864004977] [oak_d_sr.camera]: Pipeline type: Depth[0m
[foxglove_bridge-1] [INFO] [1756158577.882001608] [foxglove_bridge]: Subscribing to topic "/nvblox_node/back_projected_depth/camera_rgb_camera_optical_frame" (sensor_msgs/msg/PointCloud2) on channel 44 with reliablity "reliable"
[component_container_mt-1] [0m[INFO] [1756158578.279713618] [oak_d_sr.camera]: Finished setting up pipeline.[0m
[component_container_mt-1] [0m[INFO] [1756158578.575671521] [oak_d_sr.camera]: Camera ready![0m
[foxglove_bridge-1] [INFO] [1756158579.450841064] [foxglove_bridge]: Subscribing to topic "/nvblox_node/back_projected_depth/camera_right_camera_optical_frame" (sensor_msgs/msg/PointCloud2) on channel 46 with reliablity "reliable"
[foxglove_bridge-1] [WARN] [1756158579.951115289] [foxglove_bridge]: [WS] 192.168.0.101:51059: Send buffer limit reached
[INFO] [launch]: All log files can be found below /home/alpha_orin/.ros/log/2025-08-25-16-49-40-951586-ubuntu-33653
[INFO] [launch]: Default logging verbosity is set to INFO
Starting dual AIRY sensor launch...
[INFO] [rslidar_sdk_node-1]: process started with pid [33693]
[INFO] [rslidar_sdk_node-2]: process started with pid [33695]
[rslidar_sdk_node-1] [1m[35m********************************************************[0m
[rslidar_sdk_node-1] [1m[35m**********                                    **********[0m
[rslidar_sdk_node-1] [1m[35m**********    RSLidar_SDK Version: v1.5.17     **********[0m
[rslidar_sdk_node-1] [1m[35m**********                                    **********[0m
[rslidar_sdk_node-1] [1m[35m********************************************************[0m
[rslidar_sdk_node-2] [1m[35m********************************************************[0m
[rslidar_sdk_node-2] [1m[35m**********                                    **********[0m
[rslidar_sdk_node-2] [1m[35m**********    RSLidar_SDK Version: v1.5.17     **********[0m
[rslidar_sdk_node-2] [1m[35m**********                                    **********[0m
[rslidar_sdk_node-2] [1m[35m********************************************************[0m
[rslidar_sdk_node-2] [1m[32m--------------------------------------------------------[0m
[rslidar_sdk_node-2] [1m[32mConfig loaded from PATH:[0m
[rslidar_sdk_node-2] [1m[32m/home/alpha_orin/ros2_ws/src/rslidar_sdk/config/config_airy_201.yaml[0m
[rslidar_sdk_node-2] [1m[32m--------------------------------------------------------[0m
[rslidar_sdk_node-2] [1m[32m------------------------------------------------------[0m
[rslidar_sdk_node-2] [1m[32mReceive Packets From : Online LiDAR[0m
[rslidar_sdk_node-2] [1m[32mMsop Port: 6700[0m
[rslidar_sdk_node-2] [1m[32mDifop Port: 7789[0m
[rslidar_sdk_node-2] [1m[32m------------------------------------------------------[0m
[rslidar_sdk_node-2] [1m[32m------------------------------------------------------[0m
[rslidar_sdk_node-2] [1m[32m             RoboSense Driver Parameters [0m
[rslidar_sdk_node-2] [32minput type: ONLINE_LIDAR[0m
[rslidar_sdk_node-2] [32mlidar_type: RSAIRY[0m
[rslidar_sdk_node-2] [32mframe_id: rslidar[0m
[rslidar_sdk_node-2] [32m------------------------------------------------------[0m
[rslidar_sdk_node-2] [1m[32m------------------------------------------------------[0m
[rslidar_sdk_node-2] [1m[32m             RoboSense Input Parameters [0m
[rslidar_sdk_node-2] [32mmsop_port: 6700[0m
[rslidar_sdk_node-2] [32mdifop_port: 7789[0m
[rslidar_sdk_node-2] [32mimu_port: 6689[0m
[rslidar_sdk_node-2] [32muser_layer_bytes: 0[0m
[rslidar_sdk_node-2] [32mtail_layer_bytes: 0[0m
[rslidar_sdk_node-2] [32mhost_address: 192.168.1.10[0m
[rslidar_sdk_node-2] [32mgroup_address: 0.0.0.0[0m
[rslidar_sdk_node-2] [32msocket_recv_buf: 106496[0m
[rslidar_sdk_node-2] [32mpcap_path: [0m
[rslidar_sdk_node-2] [32mpcap_rate: 1[0m
[rslidar_sdk_node-2] [32mpcap_repeat: 1[0m
[rslidar_sdk_node-2] [32muse_vlan: 0[0m
[rslidar_sdk_node-2] [1m[32m------------------------------------------------------[0m
[rslidar_sdk_node-2] [1m[32m------------------------------------------------------[0m
[rslidar_sdk_node-2] [1m[32m             RoboSense Decoder Parameters [0m
[rslidar_sdk_node-2] [32mmin_distance: 0.2[0m
[rslidar_sdk_node-2] [32mmax_distance: 200[0m
[rslidar_sdk_node-2] [32muse_lidar_clock: 1[0m
[rslidar_sdk_node-2] [32mdense_points: 0[0m
[rslidar_sdk_node-2] [32mts_first_point: 1[0m
[rslidar_sdk_node-2] [32mwait_for_difop: 1[0m
[rslidar_sdk_node-2] [32mconfig_from_file: 0[0m
[rslidar_sdk_node-2] [32mangle_path: [0m
[rslidar_sdk_node-2] [32mstart_angle: 0[0m
[rslidar_sdk_node-2] [32mend_angle: 360[0m
[rslidar_sdk_node-2] [32msplit_frame_mode: 1[0m
[rslidar_sdk_node-2] [32msplit_angle: 0[0m
[rslidar_sdk_node-2] [32mnum_blks_split: 0[0m
[rslidar_sdk_node-2] [1m[32m------------------------------------------------------[0m
[rslidar_sdk_node-2] [1m[32m------------------------------------------------------[0m
[rslidar_sdk_node-2] [1m[32m             RoboSense Transform Parameters [0m
[rslidar_sdk_node-2] [32mx: 0[0m
[rslidar_sdk_node-2] [32my: 0[0m
[rslidar_sdk_node-2] [32mz: 0[0m
[rslidar_sdk_node-2] [32mroll: 0[0m
[rslidar_sdk_node-2] [32mpitch: 0[0m
[rslidar_sdk_node-2] [32myaw: 0[0m
[rslidar_sdk_node-2] [1m[32m------------------------------------------------------[0m
[rslidar_sdk_node-2] [WARN] [1756158581.433021217] [rcl.logging_rosout]: Publisher already registered for provided node name. If this is due to multiple nodes with the same name then all logs for that logger name will go out over the existing publisher. As soon as any node with that name is destructed it will unregister the publisher, preventing any further logs for that name from being published on the rosout topic.
[rslidar_sdk_node-2] [1m[36m------------------------------------------------------[0m
[rslidar_sdk_node-2] [1m[36mSend PointCloud To : ROS[0m
[rslidar_sdk_node-2] [1m[36mPointCloud Topic: /airy_201/rslidar_points[0m
[rslidar_sdk_node-2] [1m[36m------------------------------------------------------[0m
[rslidar_sdk_node-2] [WARN] [1756158581.439885520] [rcl.logging_rosout]: Publisher already registered for provided node name. If this is due to multiple nodes with the same name then all logs for that logger name will go out over the existing publisher. As soon as any node with that name is destructed it will unregister the publisher, preventing any further logs for that name from being published on the rosout topic.
[rslidar_sdk_node-1] [1m[32m--------------------------------------------------------[0m
[rslidar_sdk_node-1] [1m[32mConfig loaded from PATH:[0m
[rslidar_sdk_node-1] [1m[32m/home/alpha_orin/ros2_ws/src/rslidar_sdk/config/config_airy_200.yaml[0m
[rslidar_sdk_node-1] [1m[32m--------------------------------------------------------[0m
[rslidar_sdk_node-1] [1m[32m------------------------------------------------------[0m
[rslidar_sdk_node-1] [1m[32mReceive Packets From : Online LiDAR[0m
[rslidar_sdk_node-1] [1m[32mMsop Port: 6699[0m
[rslidar_sdk_node-1] [1m[32mDifop Port: 7788[0m
[rslidar_sdk_node-1] [1m[32m------------------------------------------------------[0m
[rslidar_sdk_node-1] [1m[32m------------------------------------------------------[0m
[rslidar_sdk_node-1] [1m[32m             RoboSense Driver Parameters [0m
[rslidar_sdk_node-1] [32minput type: ONLINE_LIDAR[0m
[rslidar_sdk_node-1] [32mlidar_type: RSAIRY[0m
[rslidar_sdk_node-1] [32mframe_id: rslidar[0m
[rslidar_sdk_node-1] [32m------------------------------------------------------[0m
[rslidar_sdk_node-1] [1m[32m------------------------------------------------------[0m
[rslidar_sdk_node-1] [1m[32m             RoboSense Input Parameters [0m
[rslidar_sdk_node-1] [32mmsop_port: 6699[0m
[rslidar_sdk_node-1] [32mdifop_port: 7788[0m
[rslidar_sdk_node-1] [32mimu_port: 6688[0m
[rslidar_sdk_node-1] [32muser_layer_bytes: 0[0m
[rslidar_sdk_node-1] [32mtail_layer_bytes: 0[0m
[rslidar_sdk_node-1] [32mhost_address: 192.168.1.10[0m
[rslidar_sdk_node-1] [32mgroup_address: 0.0.0.0[0m
[rslidar_sdk_node-1] [32msocket_recv_buf: 106496[0m
[rslidar_sdk_node-1] [32mpcap_path: [0m
[rslidar_sdk_node-1] [32mpcap_rate: 1[0m
[rslidar_sdk_node-1] [32mpcap_repeat: 1[0m
[rslidar_sdk_node-1] [32muse_vlan: 0[0m
[rslidar_sdk_node-1] [1m[32m------------------------------------------------------[0m
[rslidar_sdk_node-1] [1m[32m------------------------------------------------------[0m
[rslidar_sdk_node-1] [1m[32m             RoboSense Decoder Parameters [0m
[rslidar_sdk_node-1] [32mmin_distance: 0.2[0m
[rslidar_sdk_node-1] [32mmax_distance: 200[0m
[rslidar_sdk_node-1] [32muse_lidar_clock: 1[0m
[rslidar_sdk_node-1] [32mdense_points: 0[0m
[rslidar_sdk_node-1] [32mts_first_point: 1[0m
[rslidar_sdk_node-1] [32mwait_for_difop: 1[0m
[rslidar_sdk_node-1] [32mconfig_from_file: 0[0m
[rslidar_sdk_node-1] [32mangle_path: [0m
[rslidar_sdk_node-1] [32mstart_angle: 0[0m
[rslidar_sdk_node-1] [32mend_angle: 360[0m
[rslidar_sdk_node-1] [32msplit_frame_mode: 1[0m
[rslidar_sdk_node-1] [32msplit_angle: 0[0m
[rslidar_sdk_node-1] [32mnum_blks_split: 0[0m
[rslidar_sdk_node-1] [1m[32m------------------------------------------------------[0m
[rslidar_sdk_node-1] [1m[32m------------------------------------------------------[0m
[rslidar_sdk_node-1] [1m[32m             RoboSense Transform Parameters [0m
[rslidar_sdk_node-1] [32mx: 0[0m
[rslidar_sdk_node-1] [32my: 0[0m
[rslidar_sdk_node-1] [32mz: 0[0m
[rslidar_sdk_node-1] [32mroll: 0[0m
[rslidar_sdk_node-1] [32mpitch: 0[0m
[rslidar_sdk_node-1] [32myaw: 0[0m
[rslidar_sdk_node-1] [1m[32m------------------------------------------------------[0m
[rslidar_sdk_node-1] [WARN] [1756158581.445124407] [rcl.logging_rosout]: Publisher already registered for provided node name. If this is due to multiple nodes with the same name then all logs for that logger name will go out over the existing publisher. As soon as any node with that name is destructed it will unregister the publisher, preventing any further logs for that name from being published on the rosout topic.
[rslidar_sdk_node-2] [1m[37mRoboSense-LiDAR-Driver is running.....[0m
[rslidar_sdk_node-1] [1m[36m------------------------------------------------------[0m
[rslidar_sdk_node-1] [1m[36mSend PointCloud To : ROS[0m
[rslidar_sdk_node-1] [1m[36mPointCloud Topic: /airy_200/rslidar_points[0m
[rslidar_sdk_node-1] [1m[36m------------------------------------------------------[0m
[rslidar_sdk_node-1] [WARN] [1756158581.460778990] [rcl.logging_rosout]: Publisher already registered for provided node name. If this is due to multiple nodes with the same name then all logs for that logger name will go out over the existing publisher. As soon as any node with that name is destructed it will unregister the publisher, preventing any further logs for that name from being published on the rosout topic.
[rslidar_sdk_node-1] [1m[37mRoboSense-LiDAR-Driver is running.....[0m
[rslidar_sdk_node-2] [1m[33mERRCODE_MSOPTIMEOUT[0m
[rslidar_sdk_node-1] [1m[33mERRCODE_MSOPTIMEOUT[0m
[foxglove_bridge-1] [WARN] [1756158582.459404072] [foxglove_bridge]: [WS] 192.168.0.101:51059: Send buffer limit reached
[rslidar_sdk_node-2] [1m[33mERRCODE_MSOPTIMEOUT[0m
[rslidar_sdk_node-1] [1m[33mERRCODE_MSOPTIMEOUT[0m
[0;32m[SUCCESS][0m AIRY LiDARs launched (PID: 33653)
[0;34m[INFO][0m Launching Foxglove bridge...
[INFO] [launch]: All log files can be found below /home/alpha_orin/.ros/log/2025-08-25-16-49-44-012512-ubuntu-33891
[INFO] [launch]: Default logging verbosity is set to INFO
[INFO] [foxglove_bridge-1]: process started with pid [33932]
[rslidar_sdk_node-2] [1m[33mERRCODE_MSOPTIMEOUT[0m
[rslidar_sdk_node-1] [1m[33mERRCODE_MSOPTIMEOUT[0m
[foxglove_bridge-1] [INFO] [1756158584.486325254] [foxglove_bridge]: Load Library: /opt/ros/humble/lib/libfoxglove_bridge_component.so
[foxglove_bridge-1] [INFO] [1756158584.496690778] [foxglove_bridge]: Found class: rclcpp_components::NodeFactoryTemplate<foxglove_bridge::FoxgloveBridge>
[foxglove_bridge-1] [INFO] [1756158584.496767414] [foxglove_bridge]: Instantiate class: rclcpp_components::NodeFactoryTemplate<foxglove_bridge::FoxgloveBridge>
[foxglove_bridge-1] [WARN] [1756158584.496915374] [rcl.logging_rosout]: Publisher already registered for provided node name. If this is due to multiple nodes with the same name then all logs for that logger name will go out over the existing publisher. As soon as any node with that name is destructed it will unregister the publisher, preventing any further logs for that name from being published on the rosout topic.
[foxglove_bridge-1] [INFO] [1756158584.501486841] [foxglove_bridge]: Starting foxglove_bridge (humble, 0.8.5@) with WebSocket++/0.8.2
[foxglove_bridge-1] [INFO] [1756158584.502430311] [foxglove_bridge]: [WS] Server running without TLS
[foxglove_bridge-1] [INFO] [1756158584.502962410] [foxglove_bridge]: [WS] asio listen error: asio.system:98 (Address already in use)
[foxglove_bridge-1] terminate called after throwing an instance of 'std::runtime_error'
[foxglove_bridge-1]   what():  Failed to listen on port 8765: Address already in use
[foxglove_bridge-1] [WARN] [1756158584.984358113] [foxglove_bridge]: [WS] 192.168.0.101:51059: Send buffer limit reached
[rslidar_sdk_node-2] [1m[33mERRCODE_MSOPTIMEOUT[0m
[rslidar_sdk_node-1] [1m[33mERRCODE_MSOPTIMEOUT[0m
[rslidar_sdk_node-2] [1m[33mERRCODE_MSOPTIMEOUT[0m
[rslidar_sdk_node-1] [1m[33mERRCODE_MSOPTIMEOUT[0m
[ERROR] [foxglove_bridge-1]: process has died [pid 33932, exit code -6, cmd '/opt/ros/humble/lib/foxglove_bridge/foxglove_bridge --ros-args -r __node:=foxglove_bridge --params-file /home/alpha_orin/ros2_ws/install/oak_multi_bringup/share/oak_multi_bringup/config/foxglove_qos.yaml --params-file /tmp/launch_params_jbgillb3'].
[0;32m[SUCCESS][0m Foxglove bridge launched (PID: 33891)
[0;34m[INFO][0m Connect to ws://192.168.0.10:8765
[0;34m[INFO][0m Launching nvblox (dual cams + front LiDAR, base_link frame)...
[rslidar_sdk_node-2] [1m[33mERRCODE_MSOPTIMEOUT[0m
[rslidar_sdk_node-1] [1m[33mERRCODE_MSOPTIMEOUT[0m
[foxglove_bridge-1] [WARN] [1756158587.513567277] [foxglove_bridge]: [WS] 192.168.0.101:51059: Send buffer limit reached
[rslidar_sdk_node-2] [1m[33mERRCODE_MSOPTIMEOUT[0m
[rslidar_sdk_node-1] [1m[33mERRCODE_MSOPTIMEOUT[0m
[rslidar_sdk_node-2] [1m[33mERRCODE_MSOPTIMEOUT[0m
[rslidar_sdk_node-1] [1m[33mERRCODE_MSOPTIMEOUT[0m
[0;32m[SUCCESS][0m nvblox launched (PID: 34131)
[0;34m[INFO][0m Foxglove: visualize /nvblox_node/static_esdf_pointcloud, /nvblox_node/static_map_slice, /nvblox_node/mesh
[foxglove_bridge-1] [WARN] [1756158590.037498204] [foxglove_bridge]: [WS] 192.168.0.101:51059: Send buffer limit reached
[0;32m[SUCCESS][0m All sensors launched successfully!

[0;34m[INFO][0m Active processes:
  - TF Publisher: 32889
  - OAK-D Pro: 33007
  - OAK-D SR: 33151
  - AIRY LiDARs: 33653
  - Foxglove: 33891
  - nvblox: 34131

[0;34m[INFO][0m Press Ctrl+C to stop all processes
[rslidar_sdk_node-2] [1m[33mERRCODE_MSOPTIMEOUT[0m
[rslidar_sdk_node-1] [1m[33mERRCODE_MSOPTIMEOUT[0m
[rslidar_sdk_node-2] [1m[33mERRCODE_MSOPTIMEOUT[0m
[rslidar_sdk_node-1] [1m[33mERRCODE_MSOPTIMEOUT[0m
[rslidar_sdk_node-2] [1m[33mERRCODE_MSOPTIMEOUT[0m
[rslidar_sdk_node-1] [1m[33mERRCODE_MSOPTIMEOUT[0m
[foxglove_bridge-1] [WARN] [1756158592.541306097] [foxglove_bridge]: [WS] 192.168.0.101:51059: Send buffer limit reached
[rslidar_sdk_node-2] [1m[33mERRCODE_MSOPTIMEOUT[0m
[rslidar_sdk_node-1] [1m[33mERRCODE_MSOPTIMEOUT[0m
[rslidar_sdk_node-2] [1m[33mERRCODE_MSOPTIMEOUT[0m
[rslidar_sdk_node-1] [1m[33mERRCODE_MSOPTIMEOUT[0m
[foxglove_bridge-1] [WARN] [1756158595.051062667] [foxglove_bridge]: [WS] 192.168.0.101:51059: Send buffer limit reached
[rslidar_sdk_node-2] [1m[33mERRCODE_MSOPTIMEOUT[0m
[rslidar_sdk_node-1] [1m[33mERRCODE_MSOPTIMEOUT[0m
[rslidar_sdk_node-2] [1m[33mERRCODE_MSOPTIMEOUT[0m
[rslidar_sdk_node-1] [1m[33mERRCODE_MSOPTIMEOUT[0m
[rslidar_sdk_node-2] [1m[33mERRCODE_MSOPTIMEOUT[0m
[rslidar_sdk_node-1] [1m[33mERRCODE_MSOPTIMEOUT[0m
[foxglove_bridge-1] [WARN] [1756158597.561657705] [foxglove_bridge]: [WS] 192.168.0.101:51059: Send buffer limit reached
[rslidar_sdk_node-2] [1m[33mERRCODE_MSOPTIMEOUT[0m
[rslidar_sdk_node-1] [1m[33mERRCODE_MSOPTIMEOUT[0m
[rslidar_sdk_node-2] [1m[33mERRCODE_MSOPTIMEOUT[0m
[rslidar_sdk_node-1] [1m[33mERRCODE_MSOPTIMEOUT[0m
[foxglove_bridge-1] [WARN] [1756158600.191508527] [foxglove_bridge]: [WS] 192.168.0.101:51059: Send buffer limit reached
[rslidar_sdk_node-2] [1m[33mERRCODE_MSOPTIMEOUT[0m
[rslidar_sdk_node-1] [1m[33mERRCODE_MSOPTIMEOUT[0m
[rslidar_sdk_node-2] [1m[33mERRCODE_MSOPTIMEOUT[0m
[rslidar_sdk_node-1] [1m[33mERRCODE_MSOPTIMEOUT[0m
[rslidar_sdk_node-2] [1m[33mERRCODE_MSOPTIMEOUT[0m
[rslidar_sdk_node-1] [1m[33mERRCODE_MSOPTIMEOUT[0m
[foxglove_bridge-1] [WARN] [1756158602.693847258] [foxglove_bridge]: [WS] 192.168.0.101:51059: Send buffer limit reached
[rslidar_sdk_node-2] [1m[33mERRCODE_MSOPTIMEOUT[0m
[rslidar_sdk_node-1] [1m[33mERRCODE_MSOPTIMEOUT[0m
[rslidar_sdk_node-2] [1m[33mERRCODE_MSOPTIMEOUT[0m
[rslidar_sdk_node-1] [1m[33mERRCODE_MSOPTIMEOUT[0m
[foxglove_bridge-1] [WARN] [1756158605.210912604] [foxglove_bridge]: [WS] 192.168.0.101:51059: Send buffer limit reached
[rslidar_sdk_node-2] [1m[33mERRCODE_MSOPTIMEOUT[0m
[rslidar_sdk_node-1] [1m[33mERRCODE_MSOPTIMEOUT[0m
[rslidar_sdk_node-2] [1m[33mERRCODE_MSOPTIMEOUT[0m
[rslidar_sdk_node-1] [1m[33mERRCODE_MSOPTIMEOUT[0m
[rslidar_sdk_node-2] [1m[33mERRCODE_MSOPTIMEOUT[0m
[rslidar_sdk_node-1] [1m[33mERRCODE_MSOPTIMEOUT[0m
[foxglove_bridge-1] [WARN] [1756158607.726760423] [foxglove_bridge]: [WS] 192.168.0.101:51059: Send buffer limit reached
[rslidar_sdk_node-2] [1m[33mERRCODE_MSOPTIMEOUT[0m
[rslidar_sdk_node-1] [1m[33mERRCODE_MSOPTIMEOUT[0m
[rslidar_sdk_node-2] [1m[33mERRCODE_MSOPTIMEOUT[0m
[rslidar_sdk_node-1] [1m[33mERRCODE_MSOPTIMEOUT[0m
[foxglove_bridge-1] [WARN] [1756158610.229288437] [foxglove_bridge]: [WS] 192.168.0.101:51059: Send buffer limit reached
[rslidar_sdk_node-2] [1m[33mERRCODE_MSOPTIMEOUT[0m
[rslidar_sdk_node-1] [1m[33mERRCODE_MSOPTIMEOUT[0m
[rslidar_sdk_node-2] [1m[33mERRCODE_MSOPTIMEOUT[0m
[rslidar_sdk_node-1] [1m[33mERRCODE_MSOPTIMEOUT[0m
[rslidar_sdk_node-2] [1m[33mERRCODE_MSOPTIMEOUT[0m
[rslidar_sdk_node-1] [1m[33mERRCODE_MSOPTIMEOUT[0m
[foxglove_bridge-1] [WARN] [1756158612.744601220] [foxglove_bridge]: [WS] 192.168.0.101:51059: Send buffer limit reached
[rslidar_sdk_node-2] [1m[33mERRCODE_MSOPTIMEOUT[0m
[rslidar_sdk_node-1] [1m[33mERRCODE_MSOPTIMEOUT[0m
[rslidar_sdk_node-2] [1m[33mERRCODE_MSOPTIMEOUT[0m
[rslidar_sdk_node-1] [1m[33mERRCODE_MSOPTIMEOUT[0m
[foxglove_bridge-1] [WARN] [1756158615.249781900] [foxglove_bridge]: [WS] 192.168.0.101:51059: Send buffer limit reached
[rslidar_sdk_node-2] [1m[33mERRCODE_MSOPTIMEOUT[0m
[rslidar_sdk_node-1] [1m[33mERRCODE_MSOPTIMEOUT[0m
[rslidar_sdk_node-2] [1m[33mERRCODE_MSOPTIMEOUT[0m
[rslidar_sdk_node-1] [1m[33mERRCODE_MSOPTIMEOUT[0m
[rslidar_sdk_node-2] [1m[33mERRCODE_MSOPTIMEOUT[0m
[rslidar_sdk_node-1] [1m[33mERRCODE_MSOPTIMEOUT[0m
[foxglove_bridge-1] [WARN] [1756158617.751921332] [foxglove_bridge]: [WS] 192.168.0.101:51059: Send buffer limit reached
[rslidar_sdk_node-2] [1m[33mERRCODE_MSOPTIMEOUT[0m
[rslidar_sdk_node-1] [1m[33mERRCODE_MSOPTIMEOUT[0m
[rslidar_sdk_node-2] [1m[33mERRCODE_MSOPTIMEOUT[0m
[rslidar_sdk_node-1] [1m[33mERRCODE_MSOPTIMEOUT[0m
[foxglove_bridge-1] [WARN] [1756158620.308324477] [foxglove_bridge]: [WS] 192.168.0.101:51059: Send buffer limit reached
[rslidar_sdk_node-2] [1m[33mERRCODE_MSOPTIMEOUT[0m
[rslidar_sdk_node-1] [1m[33mERRCODE_MSOPTIMEOUT[0m
[rslidar_sdk_node-2] [1m[33mERRCODE_MSOPTIMEOUT[0m
[rslidar_sdk_node-1] [1m[33mERRCODE_MSOPTIMEOUT[0m
[rslidar_sdk_node-2] [1m[33mERRCODE_MSOPTIMEOUT[0m
[rslidar_sdk_node-1] [1m[33mERRCODE_MSOPTIMEOUT[0m
[foxglove_bridge-1] [WARN] [1756158622.828814021] [foxglove_bridge]: [WS] 192.168.0.101:51059: Send buffer limit reached
[rslidar_sdk_node-2] [1m[33mERRCODE_MSOPTIMEOUT[0m
[rslidar_sdk_node-1] [1m[33mERRCODE_MSOPTIMEOUT[0m
[rslidar_sdk_node-2] [1m[33mERRCODE_MSOPTIMEOUT[0m
[rslidar_sdk_node-1] [1m[33mERRCODE_MSOPTIMEOUT[0m
[foxglove_bridge-1] [WARN] [1756158625.342139462] [foxglove_bridge]: [WS] 192.168.0.101:51059: Send buffer limit reached
[rslidar_sdk_node-2] [1m[33mERRCODE_MSOPTIMEOUT[0m
[rslidar_sdk_node-1] [1m[33mERRCODE_MSOPTIMEOUT[0m
[rslidar_sdk_node-2] [1m[33mERRCODE_MSOPTIMEOUT[0m
[rslidar_sdk_node-1] [1m[33mERRCODE_MSOPTIMEOUT[0m
[rslidar_sdk_node-2] [1m[33mERRCODE_MSOPTIMEOUT[0m
[rslidar_sdk_node-1] [1m[33mERRCODE_MSOPTIMEOUT[0m
[foxglove_bridge-1] [WARN] [1756158627.849915909] [foxglove_bridge]: [WS] 192.168.0.101:51059: Send buffer limit reached
[rslidar_sdk_node-2] [1m[33mERRCODE_MSOPTIMEOUT[0m
[rslidar_sdk_node-1] [1m[33mERRCODE_MSOPTIMEOUT[0m
[rslidar_sdk_node-2] [1m[33mERRCODE_MSOPTIMEOUT[0m
[rslidar_sdk_node-1] [1m[33mERRCODE_MSOPTIMEOUT[0m
[foxglove_bridge-1] [WARN] [1756158630.378949870] [foxglove_bridge]: [WS] 192.168.0.101:51059: Send buffer limit reached
[rslidar_sdk_node-2] [1m[33mERRCODE_MSOPTIMEOUT[0m
[rslidar_sdk_node-1] [1m[33mERRCODE_MSOPTIMEOUT[0m
[rslidar_sdk_node-2] [1m[33mERRCODE_MSOPTIMEOUT[0m
[rslidar_sdk_node-1] [1m[33mERRCODE_MSOPTIMEOUT[0m
[rslidar_sdk_node-2] [1m[33mERRCODE_MSOPTIMEOUT[0m
[rslidar_sdk_node-1] [1m[33mERRCODE_MSOPTIMEOUT[0m
[foxglove_bridge-1] [WARN] [1756158632.896583812] [foxglove_bridge]: [WS] 192.168.0.101:51059: Send buffer limit reached
[rslidar_sdk_node-2] [1m[33mERRCODE_MSOPTIMEOUT[0m
[rslidar_sdk_node-1] [1m[33mERRCODE_MSOPTIMEOUT[0m
[rslidar_sdk_node-2] [1m[33mERRCODE_MSOPTIMEOUT[0m
[rslidar_sdk_node-1] [1m[33mERRCODE_MSOPTIMEOUT[0m
[foxglove_bridge-1] [WARN] [1756158635.398731745] [foxglove_bridge]: [WS] 192.168.0.101:51059: Send buffer limit reached
[rslidar_sdk_node-2] [1m[33mERRCODE_MSOPTIMEOUT[0m
[rslidar_sdk_node-1] [1m[33mERRCODE_MSOPTIMEOUT[0m
[rslidar_sdk_node-2] [1m[33mERRCODE_MSOPTIMEOUT[0m
[rslidar_sdk_node-1] [1m[33mERRCODE_MSOPTIMEOUT[0m
[rslidar_sdk_node-2] [1m[33mERRCODE_MSOPTIMEOUT[0m
[rslidar_sdk_node-1] [1m[33mERRCODE_MSOPTIMEOUT[0m
[foxglove_bridge-1] [WARN] [1756158637.926213613] [foxglove_bridge]: [WS] 192.168.0.101:51059: Send buffer limit reached
[rslidar_sdk_node-2] [1m[33mERRCODE_MSOPTIMEOUT[0m
[rslidar_sdk_node-1] [1m[33mERRCODE_MSOPTIMEOUT[0m
[rslidar_sdk_node-2] [1m[33mERRCODE_MSOPTIMEOUT[0m
[rslidar_sdk_node-1] [1m[33mERRCODE_MSOPTIMEOUT[0m
[foxglove_bridge-1] [WARN] [1756158640.433330907] [foxglove_bridge]: [WS] 192.168.0.101:51059: Send buffer limit reached
[rslidar_sdk_node-2] [1m[33mERRCODE_MSOPTIMEOUT[0m
[rslidar_sdk_node-1] [1m[33mERRCODE_MSOPTIMEOUT[0m
[foxglove_bridge-1] [INFO] [1756158640.921859297] [foxglove_bridge]: Unsubscribing from topic "/nvblox_node/tsdf_layer_marker" (visualization_msgs/msg/Marker) on channel 17
[rslidar_sdk_node-2] [1m[33mERRCODE_MSOPTIMEOUT[0m
[rslidar_sdk_node-1] [1m[33mERRCODE_MSOPTIMEOUT[0m
[foxglove_bridge-1] [INFO] [1756158641.999578341] [foxglove_bridge]: Subscribing to topic "/nvblox_node/tsdf_layer_marker" (visualization_msgs/msg/Marker) on channel 17 with reliablity "reliable"
[rslidar_sdk_node-2] [1m[33mERRCODE_MSOPTIMEOUT[0m
[rslidar_sdk_node-1] [1m[33mERRCODE_MSOPTIMEOUT[0m
[foxglove_bridge-1] [WARN] [1756158642.949182263] [foxglove_bridge]: [WS] 192.168.0.101:51059: Send buffer limit reached
[rslidar_sdk_node-2] [1m[33mERRCODE_MSOPTIMEOUT[0m
[rslidar_sdk_node-1] [1m[33mERRCODE_MSOPTIMEOUT[0m
[rslidar_sdk_node-2] [1m[33mERRCODE_MSOPTIMEOUT[0m
[rslidar_sdk_node-1] [1m[33mERRCODE_MSOPTIMEOUT[0m
[foxglove_bridge-1] [WARN] [1756158645.450781203] [foxglove_bridge]: [WS] 192.168.0.101:51059: Send buffer limit reached
[rslidar_sdk_node-2] [1m[33mERRCODE_MSOPTIMEOUT[0m
[rslidar_sdk_node-1] [1m[33mERRCODE_MSOPTIMEOUT[0m
[rslidar_sdk_node-2] [1m[33mERRCODE_MSOPTIMEOUT[0m
[rslidar_sdk_node-1] [1m[33mERRCODE_MSOPTIMEOUT[0m
[foxglove_bridge-1] [INFO] [1756158646.742737987] [foxglove_bridge]: Unsubscribing from topic "/nvblox_node/workspace_bounds" (visualization_msgs/msg/Marker) on channel 23
[foxglove_bridge-1] [INFO] [1756158646.743044179] [foxglove_bridge]: Subscribing to topic "/nvblox_node/workspace_bounds" (visualization_msgs/msg/Marker) on channel 23 with reliablity "reliable"
[foxglove_bridge-1] [INFO] [1756158646.748753644] [foxglove_bridge]: Unsubscribing from topic "/nvblox_node/workspace_bounds" (visualization_msgs/msg/Marker) on channel 23
[rslidar_sdk_node-2] [1m[33mERRCODE_MSOPTIMEOUT[0m
[rslidar_sdk_node-1] [1m[33mERRCODE_MSOPTIMEOUT[0m
[foxglove_bridge-1] [INFO] [1756158647.757917404] [foxglove_bridge]: Unsubscribing from topic "/nvblox_node/static_occupancy_grid" (nav_msgs/msg/OccupancyGrid) on channel 18
[foxglove_bridge-1] [WARN] [1756158647.955574616] [foxglove_bridge]: [WS] 192.168.0.101:51059: Send buffer limit reached
[rslidar_sdk_node-2] [1m[33mERRCODE_MSOPTIMEOUT[0m
[rslidar_sdk_node-1] [1m[33mERRCODE_MSOPTIMEOUT[0m
[foxglove_bridge-1] [INFO] [1756158648.586507509] [foxglove_bridge]: Subscribing to topic "/nvblox_node/static_occupancy_grid" (nav_msgs/msg/OccupancyGrid) on channel 18 with reliablity "reliable"
[rslidar_sdk_node-2] [1m[33mERRCODE_MSOPTIMEOUT[0m
[rslidar_sdk_node-1] [1m[33mERRCODE_MSOPTIMEOUT[0m
[foxglove_bridge-1] [WARN] [1756158650.476089966] [foxglove_bridge]: [WS] 192.168.0.101:51059: Send buffer limit reached
[rslidar_sdk_node-2] [1m[33mERRCODE_MSOPTIMEOUT[0m
[rslidar_sdk_node-1] [1m[33mERRCODE_MSOPTIMEOUT[0m
[rslidar_sdk_node-2] [1m[33mERRCODE_MSOPTIMEOUT[0m
[rslidar_sdk_node-1] [1m[33mERRCODE_MSOPTIMEOUT[0m
[foxglove_bridge-1] [INFO] [1756158651.682172868] [foxglove_bridge]: Unsubscribing from topic "/nvblox_node/static_esdf_pointcloud" (sensor_msgs/msg/PointCloud2) on channel 19
[rslidar_sdk_node-2] [1m[33mERRCODE_MSOPTIMEOUT[0m
[rslidar_sdk_node-1] [1m[33mERRCODE_MSOPTIMEOUT[0m
[foxglove_bridge-1] [INFO] [1756158652.716156900] [foxglove_bridge]: Subscribing to topic "/nvblox_node/static_esdf_pointcloud" (sensor_msgs/msg/PointCloud2) on channel 19 with reliablity "reliable"
[foxglove_bridge-1] [WARN] [1756158652.978440347] [foxglove_bridge]: [WS] 192.168.0.101:51059: Send buffer limit reached
[rslidar_sdk_node-2] [1m[33mERRCODE_MSOPTIMEOUT[0m
[rslidar_sdk_node-1] [1m[33mERRCODE_MSOPTIMEOUT[0m
[foxglove_bridge-1] [INFO] [1756158654.469949065] [foxglove_bridge]: Unsubscribing from topic "/nvblox_node/shapes_to_clear" (visualization_msgs/msg/MarkerArray) on channel 31
[rslidar_sdk_node-2] [1m[33mERRCODE_MSOPTIMEOUT[0m
[rslidar_sdk_node-1] [1m[33mERRCODE_MSOPTIMEOUT[0m
[rslidar_sdk_node-2] [1m[33mERRCODE_MSOPTIMEOUT[0m
[rslidar_sdk_node-1] [1m[33mERRCODE_MSOPTIMEOUT[0m
[foxglove_bridge-1] [WARN] [1756158655.497655678] [foxglove_bridge]: [WS] 192.168.0.101:51059: Send buffer limit reached
[foxglove_bridge-1] [INFO] [1756158655.882334485] [foxglove_bridge]: Subscribing to topic "/nvblox_node/shapes_to_clear" (visualization_msgs/msg/MarkerArray) on channel 31 with reliablity "reliable"
[rslidar_sdk_node-2] [1m[33mERRCODE_MSOPTIMEOUT[0m
[rslidar_sdk_node-1] [1m[33mERRCODE_MSOPTIMEOUT[0m
[rslidar_sdk_node-2] [1m[33mERRCODE_MSOPTIMEOUT[0m
[rslidar_sdk_node-1] [1m[33mERRCODE_MSOPTIMEOUT[0m
[foxglove_bridge-1] [WARN] [1756158657.998548636] [foxglove_bridge]: [WS] 192.168.0.101:51059: Send buffer limit reached
[rslidar_sdk_node-2] [1m[33mERRCODE_MSOPTIMEOUT[0m
[rslidar_sdk_node-1] [1m[33mERRCODE_MSOPTIMEOUT[0m
[foxglove_bridge-1] [INFO] [1756158658.525963346] [foxglove_bridge]: Unsubscribing from topic "/nvblox_node/pessimistic_static_esdf_pointcloud" (sensor_msgs/msg/PointCloud2) on channel 32
[foxglove_bridge-1] [INFO] [1756158659.373868265] [foxglove_bridge]: Subscribing to topic "/nvblox_node/pessimistic_static_esdf_pointcloud" (sensor_msgs/msg/PointCloud2) on channel 32 with reliablity "reliable"
[rslidar_sdk_node-2] [1m[33mERRCODE_MSOPTIMEOUT[0m
[rslidar_sdk_node-1] [1m[33mERRCODE_MSOPTIMEOUT[0m
[rslidar_sdk_node-2] [1m[33mERRCODE_MSOPTIMEOUT[0m
[rslidar_sdk_node-1] [1m[33mERRCODE_MSOPTIMEOUT[0m
[foxglove_bridge-1] [WARN] [1756158660.518416292] [foxglove_bridge]: [WS] 192.168.0.101:51059: Send buffer limit reached
[rslidar_sdk_node-2] [1m[33mERRCODE_MSOPTIMEOUT[0m
[rslidar_sdk_node-1] [1m[33mERRCODE_MSOPTIMEOUT[0m
[rslidar_sdk_node-2] [1m[33mERRCODE_MSOPTIMEOUT[0m
[rslidar_sdk_node-1] [1m[33mERRCODE_MSOPTIMEOUT[0m
[foxglove_bridge-1] [INFO] [1756158662.945039969] [foxglove_bridge]: Unsubscribing from topic "/nvblox_node/dynamic_occupancy_grid" (nav_msgs/msg/OccupancyGrid) on channel 25
[foxglove_bridge-1] [WARN] [1756158663.020060606] [foxglove_bridge]: [WS] 192.168.0.101:51059: Send buffer limit reached
[rslidar_sdk_node-2] [1m[33mERRCODE_MSOPTIMEOUT[0m
[rslidar_sdk_node-1] [1m[33mERRCODE_MSOPTIMEOUT[0m
[foxglove_bridge-1] [INFO] [1756158663.582087537] [foxglove_bridge]: Subscribing to topic "/nvblox_node/dynamic_occupancy_grid" (nav_msgs/msg/OccupancyGrid) on channel 25 with reliablity "reliable"
[rslidar_sdk_node-2] [1m[33mERRCODE_MSOPTIMEOUT[0m
[rslidar_sdk_node-1] [1m[33mERRCODE_MSOPTIMEOUT[0m
[rslidar_sdk_node-2] [1m[33mERRCODE_MSOPTIMEOUT[0m
[rslidar_sdk_node-1] [1m[33mERRCODE_MSOPTIMEOUT[0m
[foxglove_bridge-1] [WARN] [1756158665.570998931] [foxglove_bridge]: [WS] 192.168.0.101:51059: Send buffer limit reached
[foxglove_bridge-1] [INFO] [1756158666.369899580] [foxglove_bridge]: Unsubscribing from topic "/nvblox_node/combined_occupancy_grid" (nav_msgs/msg/OccupancyGrid) on channel 27
[rslidar_sdk_node-2] [1m[33mERRCODE_MSOPTIMEOUT[0m
[rslidar_sdk_node-1] [1m[33mERRCODE_MSOPTIMEOUT[0m
[rslidar_sdk_node-2] [1m[33mERRCODE_MSOPTIMEOUT[0m
[rslidar_sdk_node-1] [1m[33mERRCODE_MSOPTIMEOUT[0m
[foxglove_bridge-1] [INFO] [1756158667.816854043] [foxglove_bridge]: Subscribing to topic "/nvblox_node/combined_occupancy_grid" (nav_msgs/msg/OccupancyGrid) on channel 27 with reliablity "reliable"
[foxglove_bridge-1] [WARN] [1756158668.076826329] [foxglove_bridge]: [WS] 192.168.0.101:51059: Send buffer limit reached
[rslidar_sdk_node-2] [1m[33mERRCODE_MSOPTIMEOUT[0m
[rslidar_sdk_node-1] [1m[33mERRCODE_MSOPTIMEOUT[0m
[rslidar_sdk_node-2] [1m[33mERRCODE_MSOPTIMEOUT[0m
[rslidar_sdk_node-1] [1m[33mERRCODE_MSOPTIMEOUT[0m
[rslidar_sdk_node-2] [1m[33mERRCODE_MSOPTIMEOUT[0m
[rslidar_sdk_node-1] [1m[33mERRCODE_MSOPTIMEOUT[0m
[foxglove_bridge-1] [WARN] [1756158670.597018356] [foxglove_bridge]: [WS] 192.168.0.101:51059: Send buffer limit reached
[foxglove_bridge-1] [INFO] [1756158670.978498512] [foxglove_bridge]: Unsubscribing from topic "/nvblox_node/back_projected_depth/camera_right_camera_optical_frame" (sensor_msgs/msg/PointCloud2) on channel 46
