[0;34m[INFO][0m Starting OAK Multi Sensor Launch...
[0;34m[INFO][0m Cleaning up existing processes...
[0;32m[SUCCESS][0m Cleanup completed
[0;34m[INFO][0m Setting up workspace...
Starting >>> rslidar_msg
Starting >>> oak_multi_bringup
Finished <<< oak_multi_bringup [0.14s]
Finished <<< rslidar_msg [0.65s]
Starting >>> rslidar_sdk
Finished <<< rslidar_sdk [0.14s]

Summary: 3 packages finished [1.29s]
[0;32m[SUCCESS][0m Workspace built and sourced
[0;34m[INFO][0m Launching TF (robot_state_publisher)...
[INFO] [launch]: All log files can be found below /home/alpha_orin/.ros/log/2025-08-25-17-10-00-344114-ubuntu-52500
[INFO] [launch]: Default logging verbosity is set to INFO
[INFO] [robot_state_publisher-1]: process started with pid [52504]
[robot_state_publisher-1] [INFO] [1756159800.560739264] [robot_state_publisher]: got segment airy_front
[robot_state_publisher-1] [INFO] [1756159800.560873346] [robot_state_publisher]: got segment airy_rear
[robot_state_publisher-1] [INFO] [1756159800.560888706] [robot_state_publisher]: got segment base_link
[robot_state_publisher-1] [INFO] [1756159800.560897666] [robot_state_publisher]: got segment camera_rgb_camera_optical_frame
[robot_state_publisher-1] [INFO] [1756159800.560905090] [robot_state_publisher]: got segment camera_right_camera_optical_frame
[0;32m[SUCCESS][0m TF launched successfully (PID: 52500)
[0;34m[INFO][0m Launching OAK-D Pro camera...
[INFO] [launch]: All log files can be found below /home/alpha_orin/.ros/log/2025-08-25-17-10-04-651747-ubuntu-52541
[INFO] [launch]: Default logging verbosity is set to INFO
[INFO] [component_container_mt-1]: process started with pid [52554]
[component_container_mt-1] [0m[INFO] [1756159805.045493896] [oak_pro_container]: Load Library: /opt/ros/humble/lib/libdepthai_ros_driver.so[0m
[component_container_mt-1] [0m[INFO] [1756159805.150168325] [oak_pro_container]: Found class: rclcpp_components::NodeFactoryTemplate<depthai_ros_driver::Camera>[0m
[component_container_mt-1] [0m[INFO] [1756159805.150269350] [oak_pro_container]: Instantiate class: rclcpp_components::NodeFactoryTemplate<depthai_ros_driver::Camera>[0m
[INFO] [launch_ros.actions.load_composable_nodes]: Loaded node '/oak_d_pro/camera' in container '/oak_pro_container'
[component_container_mt-1] [0m[INFO] [1756159805.160999660] [oak_pro_container]: Load Library: /opt/ros/humble/lib/libdepth_image_proc.so[0m
[component_container_mt-1] [0m[INFO] [1756159805.164171466] [oak_pro_container]: Found class: rclcpp_components::NodeFactoryTemplate<depth_image_proc::ConvertMetricNode>[0m
[component_container_mt-1] [0m[INFO] [1756159805.164223466] [oak_pro_container]: Found class: rclcpp_components::NodeFactoryTemplate<depth_image_proc::CropForemostNode>[0m
[component_container_mt-1] [0m[INFO] [1756159805.164247627] [oak_pro_container]: Found class: rclcpp_components::NodeFactoryTemplate<depth_image_proc::DisparityNode>[0m
[component_container_mt-1] [0m[INFO] [1756159805.164262187] [oak_pro_container]: Found class: rclcpp_components::NodeFactoryTemplate<depth_image_proc::PointCloudXyzNode>[0m
[component_container_mt-1] [0m[INFO] [1756159805.164274027] [oak_pro_container]: Found class: rclcpp_components::NodeFactoryTemplate<depth_image_proc::PointCloudXyzRadialNode>[0m
[component_container_mt-1] [0m[INFO] [1756159805.164285035] [oak_pro_container]: Found class: rclcpp_components::NodeFactoryTemplate<depth_image_proc::PointCloudXyziNode>[0m
[component_container_mt-1] [0m[INFO] [1756159805.164294731] [oak_pro_container]: Found class: rclcpp_components::NodeFactoryTemplate<depth_image_proc::PointCloudXyziRadialNode>[0m
[component_container_mt-1] [0m[INFO] [1756159805.164304427] [oak_pro_container]: Found class: rclcpp_components::NodeFactoryTemplate<depth_image_proc::PointCloudXyzrgbNode>[0m
[component_container_mt-1] [0m[INFO] [1756159805.164313515] [oak_pro_container]: Instantiate class: rclcpp_components::NodeFactoryTemplate<depth_image_proc::PointCloudXyzrgbNode>[0m
[INFO] [launch_ros.actions.load_composable_nodes]: Loaded node '/oak_d_pro/pointcloud' in container '/oak_pro_container'
[component_container_mt-1] [0m[INFO] [1756159806.160070496] [oak_d_pro.camera]: Starting camera.[0m
[component_container_mt-1] [0m[INFO] [1756159806.162805498] [oak_d_pro.camera]: No ip/mxid specified, connecting to the next available device.[0m
[0;34m[INFO][0m Launching OAK-D SR camera...
[INFO] [launch]: All log files can be found below /home/alpha_orin/.ros/log/2025-08-25-17-10-07-653840-ubuntu-52591
[INFO] [launch]: Default logging verbosity is set to INFO
[INFO] [component_container_mt-1]: process started with pid [52618]
[component_container_mt-1] [0m[INFO] [1756159808.054508202] [oak_sr_container]: Load Library: /opt/ros/humble/lib/libdepthai_ros_driver.so[0m
[component_container_mt-1] [0m[INFO] [1756159808.160518427] [oak_sr_container]: Found class: rclcpp_components::NodeFactoryTemplate<depthai_ros_driver::Camera>[0m
[component_container_mt-1] [0m[INFO] [1756159808.160613276] [oak_sr_container]: Instantiate class: rclcpp_components::NodeFactoryTemplate<depthai_ros_driver::Camera>[0m
[INFO] [launch_ros.actions.load_composable_nodes]: Loaded node '/oak_d_sr/camera' in container '/oak_sr_container'
[component_container_mt-1] [0m[INFO] [1756159808.175119810] [oak_sr_container]: Load Library: /opt/ros/humble/lib/libdepth_image_proc.so[0m
[component_container_mt-1] [0m[INFO] [1756159808.178226558] [oak_sr_container]: Found class: rclcpp_components::NodeFactoryTemplate<depth_image_proc::ConvertMetricNode>[0m
[component_container_mt-1] [0m[INFO] [1756159808.178272863] [oak_sr_container]: Found class: rclcpp_components::NodeFactoryTemplate<depth_image_proc::CropForemostNode>[0m
[component_container_mt-1] [0m[INFO] [1756159808.178288159] [oak_sr_container]: Found class: rclcpp_components::NodeFactoryTemplate<depth_image_proc::DisparityNode>[0m
[component_container_mt-1] [0m[INFO] [1756159808.178299935] [oak_sr_container]: Found class: rclcpp_components::NodeFactoryTemplate<depth_image_proc::PointCloudXyzNode>[0m
[component_container_mt-1] [0m[INFO] [1756159808.178309695] [oak_sr_container]: Instantiate class: rclcpp_components::NodeFactoryTemplate<depth_image_proc::PointCloudXyzNode>[0m
[INFO] [launch_ros.actions.load_composable_nodes]: Loaded node '/oak_d_sr/pointcloud' in container '/oak_sr_container'
[component_container_mt-1] [0m[INFO] [1756159808.434495258] [oak_d_pro.camera]: Camera with MXID: 19443010C1F4771300 and Name: 1.2 connected![0m
[component_container_mt-1] [0m[INFO] [1756159808.435308993] [oak_d_pro.camera]: USB SPEED: SUPER[0m
[component_container_mt-1] [0m[INFO] [1756159808.481162952] [oak_d_pro.camera]: Device type: OAK-D-PRO-W[0m
[component_container_mt-1] [0m[INFO] [1756159808.483486462] [oak_d_pro.camera]: Pipeline type: RGBD[0m
[component_container_mt-1] [0m[INFO] [1756159808.926938551] [oak_d_pro.camera]: NN Family: mobilenet[0m
[component_container_mt-1] [0m[INFO] [1756159808.990252639] [oak_d_pro.camera]: NN input size: 300 x 300. Resizing input image in case of different dimensions.[0m
[component_container_mt-1] [0m[INFO] [1756159809.173272234] [oak_d_sr.camera]: Starting camera.[0m
[component_container_mt-1] [0m[INFO] [1756159809.575350376] [oak_d_pro.camera]: Finished setting up pipeline.[0m
[component_container_mt-1] [0m[INFO] [1756159809.698512783] [oak_d_sr.camera]: Connecting to the camera using mxid: 14442C107145A4D200[0m
[component_container_mt-1] [19443010C1F4771300] [1.2] [2.820] [SpatialDetectionNetwork(9)] [[33m[1mwarning[m] Network compiled for 6 shaves, maximum available 10, compiling for 5 shaves likely will yield in better performance
[component_container_mt-1] [33m[WARN] [1756159810.556510413] [oak_d_pro.camera]: Parameter imu.i_rot_cov not found[0m
[component_container_mt-1] [33m[WARN] [1756159810.556598126] [oak_d_pro.camera]: Parameter imu.i_mag_cov not found[0m
[component_container_mt-1] [0m[INFO] [1756159810.790199701] [oak_d_pro.camera]: Camera ready![0m
[0;32m[SUCCESS][0m OAK-D Pro launched (PID: 52541)
[0;32m[SUCCESS][0m OAK-D SR launched (PID: 52591)
[0;34m[INFO][0m Launching AIRY LiDARs...
[component_container_mt-1] [0m[INFO] [1756159812.098899164] [oak_d_sr.camera]: Camera with MXID: 14442C107145A4D200 and Name: 1.1 connected![0m
[component_container_mt-1] [0m[INFO] [1756159812.100187975] [oak_d_sr.camera]: USB SPEED: SUPER_PLUS[0m
[component_container_mt-1] [0m[INFO] [1756159812.138214011] [oak_d_sr.camera]: Device type: OAK-D-SR[0m
[component_container_mt-1] [0m[INFO] [1756159812.140999924] [oak_d_sr.camera]: Pipeline type: Depth[0m
[component_container_mt-1] [0m[INFO] [1756159812.537436037] [oak_d_sr.camera]: Finished setting up pipeline.[0m
[component_container_mt-1] [0m[INFO] [1756159812.823851360] [oak_d_sr.camera]: Camera ready![0m
[INFO] [launch]: All log files can be found below /home/alpha_orin/.ros/log/2025-08-25-17-10-15-241566-ubuntu-52858
[INFO] [launch]: Default logging verbosity is set to INFO
Starting dual AIRY sensor launch...
[INFO] [rslidar_sdk_node-1]: process started with pid [52860]
[INFO] [rslidar_sdk_node-2]: process started with pid [52862]
[rslidar_sdk_node-1] [1m[35m********************************************************[0m
[rslidar_sdk_node-1] [1m[35m**********                                    **********[0m
[rslidar_sdk_node-1] [1m[35m**********    RSLidar_SDK Version: v1.5.17     **********[0m
[rslidar_sdk_node-1] [1m[35m**********                                    **********[0m
[rslidar_sdk_node-1] [1m[35m********************************************************[0m
[rslidar_sdk_node-2] [1m[35m********************************************************[0m
[rslidar_sdk_node-2] [1m[35m**********                                    **********[0m
[rslidar_sdk_node-2] [1m[35m**********    RSLidar_SDK Version: v1.5.17     **********[0m
[rslidar_sdk_node-2] [1m[35m**********                                    **********[0m
[rslidar_sdk_node-2] [1m[35m********************************************************[0m
[rslidar_sdk_node-1] [1m[32m--------------------------------------------------------[0m
[rslidar_sdk_node-1] [1m[32mConfig loaded from PATH:[0m
[rslidar_sdk_node-1] [1m[32m/home/alpha_orin/ros2_ws/src/rslidar_sdk/config/config_airy_200.yaml[0m
[rslidar_sdk_node-1] [1m[32m--------------------------------------------------------[0m
[rslidar_sdk_node-1] [1m[32m------------------------------------------------------[0m
[rslidar_sdk_node-1] [1m[32mReceive Packets From : Online LiDAR[0m
[rslidar_sdk_node-1] [1m[32mMsop Port: 6699[0m
[rslidar_sdk_node-1] [1m[32mDifop Port: 7788[0m
[rslidar_sdk_node-1] [1m[32m------------------------------------------------------[0m
[rslidar_sdk_node-1] [1m[32m------------------------------------------------------[0m
[rslidar_sdk_node-1] [1m[32m             RoboSense Driver Parameters [0m
[rslidar_sdk_node-1] [32minput type: ONLINE_LIDAR[0m
[rslidar_sdk_node-1] [32mlidar_type: RSAIRY[0m
[rslidar_sdk_node-1] [32mframe_id: rslidar[0m
[rslidar_sdk_node-1] [32m------------------------------------------------------[0m
[rslidar_sdk_node-1] [1m[32m------------------------------------------------------[0m
[rslidar_sdk_node-1] [1m[32m             RoboSense Input Parameters [0m
[rslidar_sdk_node-1] [32mmsop_port: 6699[0m
[rslidar_sdk_node-1] [32mdifop_port: 7788[0m
[rslidar_sdk_node-1] [32mimu_port: 6688[0m
[rslidar_sdk_node-1] [32muser_layer_bytes: 0[0m
[rslidar_sdk_node-1] [32mtail_layer_bytes: 0[0m
[rslidar_sdk_node-1] [32mhost_address: 192.168.1.10[0m
[rslidar_sdk_node-1] [32mgroup_address: 0.0.0.0[0m
[rslidar_sdk_node-1] [32msocket_recv_buf: 106496[0m
[rslidar_sdk_node-1] [32mpcap_path: [0m
[rslidar_sdk_node-1] [32mpcap_rate: 1[0m
[rslidar_sdk_node-1] [32mpcap_repeat: 1[0m
[rslidar_sdk_node-1] [32muse_vlan: 0[0m
[rslidar_sdk_node-1] [1m[32m------------------------------------------------------[0m
[rslidar_sdk_node-1] [1m[32m------------------------------------------------------[0m
[rslidar_sdk_node-1] [1m[32m             RoboSense Decoder Parameters [0m
[rslidar_sdk_node-1] [32mmin_distance: 0.2[0m
[rslidar_sdk_node-1] [32mmax_distance: 200[0m
[rslidar_sdk_node-1] [32muse_lidar_clock: 1[0m
[rslidar_sdk_node-1] [32mdense_points: 0[0m
[rslidar_sdk_node-1] [32mts_first_point: 1[0m
[rslidar_sdk_node-1] [32mwait_for_difop: 1[0m
[rslidar_sdk_node-1] [32mconfig_from_file: 0[0m
[rslidar_sdk_node-1] [32mangle_path: [0m
[rslidar_sdk_node-1] [32mstart_angle: 0[0m
[rslidar_sdk_node-1] [32mend_angle: 360[0m
[rslidar_sdk_node-1] [32msplit_frame_mode: 1[0m
[rslidar_sdk_node-1] [32msplit_angle: 0[0m
[rslidar_sdk_node-1] [32mnum_blks_split: 0[0m
[rslidar_sdk_node-1] [1m[32m------------------------------------------------------[0m
[rslidar_sdk_node-1] [1m[32m------------------------------------------------------[0m
[rslidar_sdk_node-1] [1m[32m             RoboSense Transform Parameters [0m
[rslidar_sdk_node-1] [32mx: 0[0m
[rslidar_sdk_node-1] [32my: 0[0m
[rslidar_sdk_node-1] [32mz: 0[0m
[rslidar_sdk_node-1] [32mroll: 0[0m
[rslidar_sdk_node-1] [32mpitch: 0[0m
[rslidar_sdk_node-1] [32myaw: 0[0m
[rslidar_sdk_node-1] [1m[32m------------------------------------------------------[0m
[rslidar_sdk_node-1] [WARN] [1756159815.359496752] [rcl.logging_rosout]: Publisher already registered for provided node name. If this is due to multiple nodes with the same name then all logs for that logger name will go out over the existing publisher. As soon as any node with that name is destructed it will unregister the publisher, preventing any further logs for that name from being published on the rosout topic.
[rslidar_sdk_node-1] [WARN] [1756159815.365140385] [rcl.logging_rosout]: Publisher already registered for provided node name. If this is due to multiple nodes with the same name then all logs for that logger name will go out over the existing publisher. As soon as any node with that name is destructed it will unregister the publisher, preventing any further logs for that name from being published on the rosout topic.
[rslidar_sdk_node-1] [1m[36m------------------------------------------------------[0m
[rslidar_sdk_node-1] [1m[36mSend PointCloud To : ROS[0m
[rslidar_sdk_node-1] [1m[36mPointCloud Topic: /airy_200/rslidar_points[0m
[rslidar_sdk_node-1] [1m[36m------------------------------------------------------[0m
[rslidar_sdk_node-1] [1m[37mRoboSense-LiDAR-Driver is running.....[0m
[rslidar_sdk_node-2] [1m[32m--------------------------------------------------------[0m
[rslidar_sdk_node-2] [1m[32mConfig loaded from PATH:[0m
[rslidar_sdk_node-2] [1m[32m/home/alpha_orin/ros2_ws/src/rslidar_sdk/config/config_airy_201.yaml[0m
[rslidar_sdk_node-2] [1m[32m--------------------------------------------------------[0m
[rslidar_sdk_node-2] [1m[32m------------------------------------------------------[0m
[rslidar_sdk_node-2] [1m[32mReceive Packets From : Online LiDAR[0m
[rslidar_sdk_node-2] [1m[32mMsop Port: 6700[0m
[rslidar_sdk_node-2] [1m[32mDifop Port: 7789[0m
[rslidar_sdk_node-2] [1m[32m------------------------------------------------------[0m
[rslidar_sdk_node-2] [1m[32m------------------------------------------------------[0m
[rslidar_sdk_node-2] [1m[32m             RoboSense Driver Parameters [0m
[rslidar_sdk_node-2] [32minput type: ONLINE_LIDAR[0m
[rslidar_sdk_node-2] [32mlidar_type: RSAIRY[0m
[rslidar_sdk_node-2] [32mframe_id: rslidar[0m
[rslidar_sdk_node-2] [32m------------------------------------------------------[0m
[rslidar_sdk_node-2] [1m[32m------------------------------------------------------[0m
[rslidar_sdk_node-2] [1m[32m             RoboSense Input Parameters [0m
[rslidar_sdk_node-2] [32mmsop_port: 6700[0m
[rslidar_sdk_node-2] [32mdifop_port: 7789[0m
[rslidar_sdk_node-2] [32mimu_port: 6689[0m
[rslidar_sdk_node-2] [32muser_layer_bytes: 0[0m
[rslidar_sdk_node-2] [32mtail_layer_bytes: 0[0m
[rslidar_sdk_node-2] [32mhost_address: 192.168.1.10[0m
[rslidar_sdk_node-2] [32mgroup_address: 0.0.0.0[0m
[rslidar_sdk_node-2] [32msocket_recv_buf: 106496[0m
[rslidar_sdk_node-2] [32mpcap_path: [0m
[rslidar_sdk_node-2] [32mpcap_rate: 1[0m
[rslidar_sdk_node-2] [32mpcap_repeat: 1[0m
[rslidar_sdk_node-2] [32muse_vlan: 0[0m
[rslidar_sdk_node-2] [1m[32m------------------------------------------------------[0m
[rslidar_sdk_node-2] [1m[32m------------------------------------------------------[0m
[rslidar_sdk_node-2] [1m[32m             RoboSense Decoder Parameters [0m
[rslidar_sdk_node-2] [32mmin_distance: 0.2[0m
[rslidar_sdk_node-2] [32mmax_distance: 200[0m
[rslidar_sdk_node-2] [32muse_lidar_clock: 1[0m
[rslidar_sdk_node-2] [32mdense_points: 0[0m
[rslidar_sdk_node-2] [32mts_first_point: 1[0m
[rslidar_sdk_node-2] [32mwait_for_difop: 1[0m
[rslidar_sdk_node-2] [32mconfig_from_file: 0[0m
[rslidar_sdk_node-2] [32mangle_path: [0m
[rslidar_sdk_node-2] [32mstart_angle: 0[0m
[rslidar_sdk_node-2] [32mend_angle: 360[0m
[rslidar_sdk_node-2] [32msplit_frame_mode: 1[0m
[rslidar_sdk_node-2] [32msplit_angle: 0[0m
[rslidar_sdk_node-2] [32mnum_blks_split: 0[0m
[rslidar_sdk_node-2] [1m[32m------------------------------------------------------[0m
[rslidar_sdk_node-2] [1m[32m------------------------------------------------------[0m
[rslidar_sdk_node-2] [1m[32m             RoboSense Transform Parameters [0m
[rslidar_sdk_node-2] [32mx: 0[0m
[rslidar_sdk_node-2] [32my: 0[0m
[rslidar_sdk_node-2] [32mz: 0[0m
[rslidar_sdk_node-2] [32mroll: 0[0m
[rslidar_sdk_node-2] [32mpitch: 0[0m
[rslidar_sdk_node-2] [32myaw: 0[0m
[rslidar_sdk_node-2] [1m[32m------------------------------------------------------[0m
[rslidar_sdk_node-2] [WARN] [1756159815.702732569] [rcl.logging_rosout]: Publisher already registered for provided node name. If this is due to multiple nodes with the same name then all logs for that logger name will go out over the existing publisher. As soon as any node with that name is destructed it will unregister the publisher, preventing any further logs for that name from being published on the rosout topic.
[rslidar_sdk_node-2] [1m[36m------------------------------------------------------[0m
[rslidar_sdk_node-2] [1m[36mSend PointCloud To : ROS[0m
[rslidar_sdk_node-2] [1m[36mPointCloud Topic: /airy_201/rslidar_points[0m
[rslidar_sdk_node-2] [1m[36m------------------------------------------------------[0m
[rslidar_sdk_node-2] [WARN] [1756159815.712237612] [rcl.logging_rosout]: Publisher already registered for provided node name. If this is due to multiple nodes with the same name then all logs for that logger name will go out over the existing publisher. As soon as any node with that name is destructed it will unregister the publisher, preventing any further logs for that name from being published on the rosout topic.
[rslidar_sdk_node-2] [1m[37mRoboSense-LiDAR-Driver is running.....[0m
[0;32m[SUCCESS][0m AIRY LiDARs launched (PID: 52858)
[0;32m[SUCCESS][0m All sensors launched successfully!

[0;34m[INFO][0m Active processes:
  - TF Publisher: 52500
  - OAK-D Pro: 52541
  - OAK-D SR: 52591
  - AIRY LiDARs: 52858

[0;34m[INFO][0m Press Ctrl+C to stop all processes
